Performing C SOURCE FILE Test HAVE_GCC_PREFERRED_STACK_BOUNDARY failed with the following output:
Change Dir: /Users/code413/program/Rust/OpenGL/game/target/rls/debug/build/sdl2-sys-103ecf28c43f4696/out/build/CMakeFiles/CMakeTmp

Run Build Command(s):/usr/bin/make cmTC_f0232/fast && /Applications/Xcode.app/Contents/Developer/usr/bin/make  -f CMakeFiles/cmTC_f0232.dir/build.make CMakeFiles/cmTC_f0232.dir/build
Building C object CMakeFiles/cmTC_f0232.dir/src.c.o
/usr/bin/cc   -ffunction-sections -fdata-sections -fPIC -m64 -arch x86_64 -idirafter /Users/code413/program/Rust/OpenGL/game/target/rls/debug/build/sdl2-sys-103ecf28c43f4696/out/SDL2-2.0.10/src/video/khronos -DHAVE_GCC_PREFERRED_STACK_BOUNDARY -mpreferred-stack-boundary=2 -isysroot /Applications/Xcode.app/Contents/Developer/Platforms/MacOSX.platform/Developer/SDKs/MacOSX10.15.sdk   -o CMakeFiles/cmTC_f0232.dir/src.c.o   -c /Users/code413/program/Rust/OpenGL/game/target/rls/debug/build/sdl2-sys-103ecf28c43f4696/out/build/CMakeFiles/CMakeTmp/src.c
clang: error: unknown argument: '-mpreferred-stack-boundary=2'
make[1]: *** [CMakeFiles/cmTC_f0232.dir/src.c.o] Error 1
make: *** [cmTC_f0232/fast] Error 2


Source file was:
int x = 0; int main(int argc, char **argv) {}
Performing C SOURCE FILE Test HAVE_ALTIVEC_H_HDR failed with the following output:
Change Dir: /Users/code413/program/Rust/OpenGL/game/target/rls/debug/build/sdl2-sys-103ecf28c43f4696/out/build/CMakeFiles/CMakeTmp

Run Build Command(s):/usr/bin/make cmTC_6fac7/fast && /Applications/Xcode.app/Contents/Developer/usr/bin/make  -f CMakeFiles/cmTC_6fac7.dir/build.make CMakeFiles/cmTC_6fac7.dir/build
Building C object CMakeFiles/cmTC_6fac7.dir/src.c.o
/usr/bin/cc   -ffunction-sections -fdata-sections -fPIC -m64 -arch x86_64 -idirafter /Users/code413/program/Rust/OpenGL/game/target/rls/debug/build/sdl2-sys-103ecf28c43f4696/out/SDL2-2.0.10/src/video/khronos -DHAVE_ALTIVEC_H_HDR -maltivec -isysroot /Applications/Xcode.app/Contents/Developer/Platforms/MacOSX.platform/Developer/SDKs/MacOSX10.15.sdk   -o CMakeFiles/cmTC_6fac7.dir/src.c.o   -c /Users/code413/program/Rust/OpenGL/game/target/rls/debug/build/sdl2-sys-103ecf28c43f4696/out/build/CMakeFiles/CMakeTmp/src.c
clang: warning: argument unused during compilation: '-maltivec' [-Wunused-command-line-argument]
In file included from /Users/code413/program/Rust/OpenGL/game/target/rls/debug/build/sdl2-sys-103ecf28c43f4696/out/build/CMakeFiles/CMakeTmp/src.c:2:
/Applications/Xcode.app/Contents/Developer/Toolchains/XcodeDefault.xctoolchain/usr/lib/clang/11.0.3/include/altivec.h:13:2: error: "AltiVec support not enabled"
#error "AltiVec support not enabled"
 ^
/Applications/Xcode.app/Contents/Developer/Toolchains/XcodeDefault.xctoolchain/usr/lib/clang/11.0.3/include/altivec.h:48:19: error: unknown type name 'vector'
static __inline__ vector signed char __ATTRS_o_ai vec_perm(
                  ^
/Applications/Xcode.app/Contents/Developer/Toolchains/XcodeDefault.xctoolchain/usr/lib/clang/11.0.3/include/altivec.h:49:5: error: unknown type name 'vector'
    vector signed char __a, vector signed char __b, vector unsigned char __c);
    ^
/Applications/Xcode.app/Contents/Developer/Toolchains/XcodeDefault.xctoolchain/usr/lib/clang/11.0.3/include/altivec.h:49:29: error: unknown type name 'vector'
    vector signed char __a, vector signed char __b, vector unsigned char __c);
                            ^
/Applications/Xcode.app/Contents/Developer/Toolchains/XcodeDefault.xctoolchain/usr/lib/clang/11.0.3/include/altivec.h:49:53: error: unknown type name 'vector'
    vector signed char __a, vector signed char __b, vector unsigned char __c);
                                                    ^
/Applications/Xcode.app/Contents/Developer/Toolchains/XcodeDefault.xctoolchain/usr/lib/clang/11.0.3/include/altivec.h:51:19: error: unknown type name 'vector'
static __inline__ vector unsigned char __ATTRS_o_ai
                  ^
/Applications/Xcode.app/Contents/Developer/Toolchains/XcodeDefault.xctoolchain/usr/lib/clang/11.0.3/include/altivec.h:52:10: error: unknown type name 'vector'
vec_perm(vector unsigned char __a, vector unsigned char __b,
         ^
/Applications/Xcode.app/Contents/Developer/Toolchains/XcodeDefault.xctoolchain/usr/lib/clang/11.0.3/include/altivec.h:52:36: error: unknown type name 'vector'
vec_perm(vector unsigned char __a, vector unsigned char __b,
                                   ^
/Applications/Xcode.app/Contents/Developer/Toolchains/XcodeDefault.xctoolchain/usr/lib/clang/11.0.3/include/altivec.h:53:10: error: unknown type name 'vector'
         vector unsigned char __c);
         ^
/Applications/Xcode.app/Contents/Developer/Toolchains/XcodeDefault.xctoolchain/usr/lib/clang/11.0.3/include/altivec.h:55:19: error: unknown type name 'vector'
static __inline__ vector bool char __ATTRS_o_ai
                  ^
/Applications/Xcode.app/Contents/Developer/Toolchains/XcodeDefault.xctoolchain/usr/lib/clang/11.0.3/include/altivec.h:55:8: error: 'inline' can only appear on functions
static __inline__ vector bool char __ATTRS_o_ai
       ^
/Applications/Xcode.app/Contents/Developer/Toolchains/XcodeDefault.xctoolchain/usr/lib/clang/11.0.3/include/altivec.h:55:30: error: expected ';' after top level declarator
static __inline__ vector bool char __ATTRS_o_ai
                             ^
/Applications/Xcode.app/Contents/Developer/Toolchains/XcodeDefault.xctoolchain/usr/lib/clang/11.0.3/include/altivec.h:56:10: error: unknown type name 'vector'
vec_perm(vector bool char __a, vector bool char __b, vector unsigned char __c);
         ^
/Applications/Xcode.app/Contents/Developer/Toolchains/XcodeDefault.xctoolchain/usr/lib/clang/11.0.3/include/altivec.h:56:22: error: expected ')'
vec_perm(vector bool char __a, vector bool char __b, vector unsigned char __c);
                     ^
/Applications/Xcode.app/Contents/Developer/Toolchains/XcodeDefault.xctoolchain/usr/lib/clang/11.0.3/include/altivec.h:56:9: note: to match this '('
vec_perm(vector bool char __a, vector bool char __b, vector unsigned char __c);
        ^
/Applications/Xcode.app/Contents/Developer/Toolchains/XcodeDefault.xctoolchain/usr/lib/clang/11.0.3/include/altivec.h:58:19: error: unknown type name 'vector'
static __inline__ vector short __ATTRS_o_ai vec_perm(vector signed short __a,
                  ^
/Applications/Xcode.app/Contents/Developer/Toolchains/XcodeDefault.xctoolchain/usr/lib/clang/11.0.3/include/altivec.h:58:54: error: unknown type name 'vector'
static __inline__ vector short __ATTRS_o_ai vec_perm(vector signed short __a,
                                                     ^
/Applications/Xcode.app/Contents/Developer/Toolchains/XcodeDefault.xctoolchain/usr/lib/clang/11.0.3/include/altivec.h:59:54: error: unknown type name 'vector'
                                                     vector signed short __b,
                                                     ^
/Applications/Xcode.app/Contents/Developer/Toolchains/XcodeDefault.xctoolchain/usr/lib/clang/11.0.3/include/altivec.h:60:54: error: unknown type name 'vector'
                                                     vector unsigned char __c);
                                                     ^
/Applications/Xcode.app/Contents/Developer/Toolchains/XcodeDefault.xctoolchain/usr/lib/clang/11.0.3/include/altivec.h:62:19: error: unknown type name 'vector'
static __inline__ vector unsigned short __ATTRS_o_ai
                  ^
fatal error: too many errors emitted, stopping now [-ferror-limit=]
20 errors generated.
make[1]: *** [CMakeFiles/cmTC_6fac7.dir/src.c.o] Error 1
make: *** [cmTC_6fac7/fast] Error 2


Source file was:

          #include <altivec.h>
          vector unsigned int vzero() {
              return vec_splat_u32(0);
          }
          int main(int argc, char **argv) { }
Performing C SOURCE FILE Test HAVE_ALTIVEC failed with the following output:
Change Dir: /Users/code413/program/Rust/OpenGL/game/target/rls/debug/build/sdl2-sys-103ecf28c43f4696/out/build/CMakeFiles/CMakeTmp

Run Build Command(s):/usr/bin/make cmTC_b40e7/fast && /Applications/Xcode.app/Contents/Developer/usr/bin/make  -f CMakeFiles/cmTC_b40e7.dir/build.make CMakeFiles/cmTC_b40e7.dir/build
Building C object CMakeFiles/cmTC_b40e7.dir/src.c.o
/usr/bin/cc   -ffunction-sections -fdata-sections -fPIC -m64 -arch x86_64 -idirafter /Users/code413/program/Rust/OpenGL/game/target/rls/debug/build/sdl2-sys-103ecf28c43f4696/out/SDL2-2.0.10/src/video/khronos -DHAVE_ALTIVEC -maltivec -isysroot /Applications/Xcode.app/Contents/Developer/Platforms/MacOSX.platform/Developer/SDKs/MacOSX10.15.sdk   -o CMakeFiles/cmTC_b40e7.dir/src.c.o   -c /Users/code413/program/Rust/OpenGL/game/target/rls/debug/build/sdl2-sys-103ecf28c43f4696/out/build/CMakeFiles/CMakeTmp/src.c
clang: warning: argument unused during compilation: '-maltivec' [-Wunused-command-line-argument]
/Users/code413/program/Rust/OpenGL/game/target/rls/debug/build/sdl2-sys-103ecf28c43f4696/out/build/CMakeFiles/CMakeTmp/src.c:2:11: error: unknown type name 'vector'
          vector unsigned int vzero() {
          ^
/Users/code413/program/Rust/OpenGL/game/target/rls/debug/build/sdl2-sys-103ecf28c43f4696/out/build/CMakeFiles/CMakeTmp/src.c:3:22: warning: implicit declaration of function 'vec_splat_u32' is invalid in C99 [-Wimplicit-function-declaration]
              return vec_splat_u32(0);
                     ^
1 warning and 1 error generated.
make[1]: *** [CMakeFiles/cmTC_b40e7.dir/src.c.o] Error 1
make: *** [cmTC_b40e7/fast] Error 2


Source file was:

          vector unsigned int vzero() {
              return vec_splat_u32(0);
          }
          int main(int argc, char **argv) { }
Determining if the include file malloc.h exists failed with the following output:
Change Dir: /Users/code413/program/Rust/OpenGL/game/target/rls/debug/build/sdl2-sys-103ecf28c43f4696/out/build/CMakeFiles/CMakeTmp

Run Build Command(s):/usr/bin/make cmTC_1b7d0/fast && /Applications/Xcode.app/Contents/Developer/usr/bin/make  -f CMakeFiles/cmTC_1b7d0.dir/build.make CMakeFiles/cmTC_1b7d0.dir/build
Building C object CMakeFiles/cmTC_1b7d0.dir/CheckIncludeFile.c.o
/usr/bin/cc   -ffunction-sections -fdata-sections -fPIC -m64 -arch x86_64 -idirafter /Users/code413/program/Rust/OpenGL/game/target/rls/debug/build/sdl2-sys-103ecf28c43f4696/out/SDL2-2.0.10/src/video/khronos  -isysroot /Applications/Xcode.app/Contents/Developer/Platforms/MacOSX.platform/Developer/SDKs/MacOSX10.15.sdk   -o CMakeFiles/cmTC_1b7d0.dir/CheckIncludeFile.c.o   -c /Users/code413/program/Rust/OpenGL/game/target/rls/debug/build/sdl2-sys-103ecf28c43f4696/out/build/CMakeFiles/CMakeTmp/CheckIncludeFile.c
/Users/code413/program/Rust/OpenGL/game/target/rls/debug/build/sdl2-sys-103ecf28c43f4696/out/build/CMakeFiles/CMakeTmp/CheckIncludeFile.c:1:10: fatal error: 'malloc.h' file not found
#include <malloc.h>
         ^~~~~~~~~~
1 error generated.
make[1]: *** [CMakeFiles/cmTC_1b7d0.dir/CheckIncludeFile.c.o] Error 1
make: *** [cmTC_1b7d0/fast] Error 2



Determining if the function _strrev exists failed with the following output:
Change Dir: /Users/code413/program/Rust/OpenGL/game/target/rls/debug/build/sdl2-sys-103ecf28c43f4696/out/build/CMakeFiles/CMakeTmp

Run Build Command(s):/usr/bin/make cmTC_d853a/fast && /Applications/Xcode.app/Contents/Developer/usr/bin/make  -f CMakeFiles/cmTC_d853a.dir/build.make CMakeFiles/cmTC_d853a.dir/build
Building C object CMakeFiles/cmTC_d853a.dir/CheckFunctionExists.c.o
/usr/bin/cc   -ffunction-sections -fdata-sections -fPIC -m64 -arch x86_64 -idirafter /Users/code413/program/Rust/OpenGL/game/target/rls/debug/build/sdl2-sys-103ecf28c43f4696/out/SDL2-2.0.10/src/video/khronos -DCHECK_FUNCTION_EXISTS=_strrev -isysroot /Applications/Xcode.app/Contents/Developer/Platforms/MacOSX.platform/Developer/SDKs/MacOSX10.15.sdk   -o CMakeFiles/cmTC_d853a.dir/CheckFunctionExists.c.o   -c /usr/local/Cellar/cmake/3.17.3/share/cmake/Modules/CheckFunctionExists.c
Linking C executable cmTC_d853a
/usr/local/Cellar/cmake/3.17.3/bin/cmake -E cmake_link_script CMakeFiles/cmTC_d853a.dir/link.txt --verbose=1
/usr/bin/cc  -ffunction-sections -fdata-sections -fPIC -m64 -arch x86_64 -idirafter /Users/code413/program/Rust/OpenGL/game/target/rls/debug/build/sdl2-sys-103ecf28c43f4696/out/SDL2-2.0.10/src/video/khronos -DCHECK_FUNCTION_EXISTS=_strrev -isysroot /Applications/Xcode.app/Contents/Developer/Platforms/MacOSX.platform/Developer/SDKs/MacOSX10.15.sdk -Wl,-search_paths_first -Wl,-headerpad_max_install_names   CMakeFiles/cmTC_d853a.dir/CheckFunctionExists.c.o  -o cmTC_d853a 
Undefined symbols for architecture x86_64:
  "__strrev", referenced from:
      _main in CheckFunctionExists.c.o
ld: symbol(s) not found for architecture x86_64
clang: error: linker command failed with exit code 1 (use -v to see invocation)
make[1]: *** [cmTC_d853a] Error 1
make: *** [cmTC_d853a/fast] Error 2



Determining if the function _strupr exists failed with the following output:
Change Dir: /Users/code413/program/Rust/OpenGL/game/target/rls/debug/build/sdl2-sys-103ecf28c43f4696/out/build/CMakeFiles/CMakeTmp

Run Build Command(s):/usr/bin/make cmTC_b013f/fast && /Applications/Xcode.app/Contents/Developer/usr/bin/make  -f CMakeFiles/cmTC_b013f.dir/build.make CMakeFiles/cmTC_b013f.dir/build
Building C object CMakeFiles/cmTC_b013f.dir/CheckFunctionExists.c.o
/usr/bin/cc   -ffunction-sections -fdata-sections -fPIC -m64 -arch x86_64 -idirafter /Users/code413/program/Rust/OpenGL/game/target/rls/debug/build/sdl2-sys-103ecf28c43f4696/out/SDL2-2.0.10/src/video/khronos -DCHECK_FUNCTION_EXISTS=_strupr -isysroot /Applications/Xcode.app/Contents/Developer/Platforms/MacOSX.platform/Developer/SDKs/MacOSX10.15.sdk   -o CMakeFiles/cmTC_b013f.dir/CheckFunctionExists.c.o   -c /usr/local/Cellar/cmake/3.17.3/share/cmake/Modules/CheckFunctionExists.c
Linking C executable cmTC_b013f
/usr/local/Cellar/cmake/3.17.3/bin/cmake -E cmake_link_script CMakeFiles/cmTC_b013f.dir/link.txt --verbose=1
/usr/bin/cc  -ffunction-sections -fdata-sections -fPIC -m64 -arch x86_64 -idirafter /Users/code413/program/Rust/OpenGL/game/target/rls/debug/build/sdl2-sys-103ecf28c43f4696/out/SDL2-2.0.10/src/video/khronos -DCHECK_FUNCTION_EXISTS=_strupr -isysroot /Applications/Xcode.app/Contents/Developer/Platforms/MacOSX.platform/Developer/SDKs/MacOSX10.15.sdk -Wl,-search_paths_first -Wl,-headerpad_max_install_names   CMakeFiles/cmTC_b013f.dir/CheckFunctionExists.c.o  -o cmTC_b013f 
Undefined symbols for architecture x86_64:
  "__strupr", referenced from:
      _main in CheckFunctionExists.c.o
ld: symbol(s) not found for architecture x86_64
clang: error: linker command failed with exit code 1 (use -v to see invocation)
make[1]: *** [cmTC_b013f] Error 1
make: *** [cmTC_b013f/fast] Error 2



Determining if the function _strlwr exists failed with the following output:
Change Dir: /Users/code413/program/Rust/OpenGL/game/target/rls/debug/build/sdl2-sys-103ecf28c43f4696/out/build/CMakeFiles/CMakeTmp

Run Build Command(s):/usr/bin/make cmTC_31fe0/fast && /Applications/Xcode.app/Contents/Developer/usr/bin/make  -f CMakeFiles/cmTC_31fe0.dir/build.make CMakeFiles/cmTC_31fe0.dir/build
Building C object CMakeFiles/cmTC_31fe0.dir/CheckFunctionExists.c.o
/usr/bin/cc   -ffunction-sections -fdata-sections -fPIC -m64 -arch x86_64 -idirafter /Users/code413/program/Rust/OpenGL/game/target/rls/debug/build/sdl2-sys-103ecf28c43f4696/out/SDL2-2.0.10/src/video/khronos -DCHECK_FUNCTION_EXISTS=_strlwr -isysroot /Applications/Xcode.app/Contents/Developer/Platforms/MacOSX.platform/Developer/SDKs/MacOSX10.15.sdk   -o CMakeFiles/cmTC_31fe0.dir/CheckFunctionExists.c.o   -c /usr/local/Cellar/cmake/3.17.3/share/cmake/Modules/CheckFunctionExists.c
Linking C executable cmTC_31fe0
/usr/local/Cellar/cmake/3.17.3/bin/cmake -E cmake_link_script CMakeFiles/cmTC_31fe0.dir/link.txt --verbose=1
/usr/bin/cc  -ffunction-sections -fdata-sections -fPIC -m64 -arch x86_64 -idirafter /Users/code413/program/Rust/OpenGL/game/target/rls/debug/build/sdl2-sys-103ecf28c43f4696/out/SDL2-2.0.10/src/video/khronos -DCHECK_FUNCTION_EXISTS=_strlwr -isysroot /Applications/Xcode.app/Contents/Developer/Platforms/MacOSX.platform/Developer/SDKs/MacOSX10.15.sdk -Wl,-search_paths_first -Wl,-headerpad_max_install_names   CMakeFiles/cmTC_31fe0.dir/CheckFunctionExists.c.o  -o cmTC_31fe0 
Undefined symbols for architecture x86_64:
  "__strlwr", referenced from:
      _main in CheckFunctionExists.c.o
ld: symbol(s) not found for architecture x86_64
clang: error: linker command failed with exit code 1 (use -v to see invocation)
make[1]: *** [cmTC_31fe0] Error 1
make: *** [cmTC_31fe0/fast] Error 2



Determining if the function itoa exists failed with the following output:
Change Dir: /Users/code413/program/Rust/OpenGL/game/target/rls/debug/build/sdl2-sys-103ecf28c43f4696/out/build/CMakeFiles/CMakeTmp

Run Build Command(s):/usr/bin/make cmTC_d3ffd/fast && /Applications/Xcode.app/Contents/Developer/usr/bin/make  -f CMakeFiles/cmTC_d3ffd.dir/build.make CMakeFiles/cmTC_d3ffd.dir/build
Building C object CMakeFiles/cmTC_d3ffd.dir/CheckFunctionExists.c.o
/usr/bin/cc   -ffunction-sections -fdata-sections -fPIC -m64 -arch x86_64 -idirafter /Users/code413/program/Rust/OpenGL/game/target/rls/debug/build/sdl2-sys-103ecf28c43f4696/out/SDL2-2.0.10/src/video/khronos -DCHECK_FUNCTION_EXISTS=itoa -isysroot /Applications/Xcode.app/Contents/Developer/Platforms/MacOSX.platform/Developer/SDKs/MacOSX10.15.sdk   -o CMakeFiles/cmTC_d3ffd.dir/CheckFunctionExists.c.o   -c /usr/local/Cellar/cmake/3.17.3/share/cmake/Modules/CheckFunctionExists.c
Linking C executable cmTC_d3ffd
/usr/local/Cellar/cmake/3.17.3/bin/cmake -E cmake_link_script CMakeFiles/cmTC_d3ffd.dir/link.txt --verbose=1
/usr/bin/cc  -ffunction-sections -fdata-sections -fPIC -m64 -arch x86_64 -idirafter /Users/code413/program/Rust/OpenGL/game/target/rls/debug/build/sdl2-sys-103ecf28c43f4696/out/SDL2-2.0.10/src/video/khronos -DCHECK_FUNCTION_EXISTS=itoa -isysroot /Applications/Xcode.app/Contents/Developer/Platforms/MacOSX.platform/Developer/SDKs/MacOSX10.15.sdk -Wl,-search_paths_first -Wl,-headerpad_max_install_names   CMakeFiles/cmTC_d3ffd.dir/CheckFunctionExists.c.o  -o cmTC_d3ffd 
Undefined symbols for architecture x86_64:
  "_itoa", referenced from:
      _main in CheckFunctionExists.c.o
ld: symbol(s) not found for architecture x86_64
clang: error: linker command failed with exit code 1 (use -v to see invocation)
make[1]: *** [cmTC_d3ffd] Error 1
make: *** [cmTC_d3ffd/fast] Error 2



Determining if the function _ltoa exists failed with the following output:
Change Dir: /Users/code413/program/Rust/OpenGL/game/target/rls/debug/build/sdl2-sys-103ecf28c43f4696/out/build/CMakeFiles/CMakeTmp

Run Build Command(s):/usr/bin/make cmTC_f99aa/fast && /Applications/Xcode.app/Contents/Developer/usr/bin/make  -f CMakeFiles/cmTC_f99aa.dir/build.make CMakeFiles/cmTC_f99aa.dir/build
Building C object CMakeFiles/cmTC_f99aa.dir/CheckFunctionExists.c.o
/usr/bin/cc   -ffunction-sections -fdata-sections -fPIC -m64 -arch x86_64 -idirafter /Users/code413/program/Rust/OpenGL/game/target/rls/debug/build/sdl2-sys-103ecf28c43f4696/out/SDL2-2.0.10/src/video/khronos -DCHECK_FUNCTION_EXISTS=_ltoa -isysroot /Applications/Xcode.app/Contents/Developer/Platforms/MacOSX.platform/Developer/SDKs/MacOSX10.15.sdk   -o CMakeFiles/cmTC_f99aa.dir/CheckFunctionExists.c.o   -c /usr/local/Cellar/cmake/3.17.3/share/cmake/Modules/CheckFunctionExists.c
Linking C executable cmTC_f99aa
/usr/local/Cellar/cmake/3.17.3/bin/cmake -E cmake_link_script CMakeFiles/cmTC_f99aa.dir/link.txt --verbose=1
/usr/bin/cc  -ffunction-sections -fdata-sections -fPIC -m64 -arch x86_64 -idirafter /Users/code413/program/Rust/OpenGL/game/target/rls/debug/build/sdl2-sys-103ecf28c43f4696/out/SDL2-2.0.10/src/video/khronos -DCHECK_FUNCTION_EXISTS=_ltoa -isysroot /Applications/Xcode.app/Contents/Developer/Platforms/MacOSX.platform/Developer/SDKs/MacOSX10.15.sdk -Wl,-search_paths_first -Wl,-headerpad_max_install_names   CMakeFiles/cmTC_f99aa.dir/CheckFunctionExists.c.o  -o cmTC_f99aa 
Undefined symbols for architecture x86_64:
  "__ltoa", referenced from:
      _main in CheckFunctionExists.c.o
ld: symbol(s) not found for architecture x86_64
clang: error: linker command failed with exit code 1 (use -v to see invocation)
make[1]: *** [cmTC_f99aa] Error 1
make: *** [cmTC_f99aa/fast] Error 2



Determining if the function _uitoa exists failed with the following output:
Change Dir: /Users/code413/program/Rust/OpenGL/game/target/rls/debug/build/sdl2-sys-103ecf28c43f4696/out/build/CMakeFiles/CMakeTmp

Run Build Command(s):/usr/bin/make cmTC_f5d7d/fast && /Applications/Xcode.app/Contents/Developer/usr/bin/make  -f CMakeFiles/cmTC_f5d7d.dir/build.make CMakeFiles/cmTC_f5d7d.dir/build
Building C object CMakeFiles/cmTC_f5d7d.dir/CheckFunctionExists.c.o
/usr/bin/cc   -ffunction-sections -fdata-sections -fPIC -m64 -arch x86_64 -idirafter /Users/code413/program/Rust/OpenGL/game/target/rls/debug/build/sdl2-sys-103ecf28c43f4696/out/SDL2-2.0.10/src/video/khronos -DCHECK_FUNCTION_EXISTS=_uitoa -isysroot /Applications/Xcode.app/Contents/Developer/Platforms/MacOSX.platform/Developer/SDKs/MacOSX10.15.sdk   -o CMakeFiles/cmTC_f5d7d.dir/CheckFunctionExists.c.o   -c /usr/local/Cellar/cmake/3.17.3/share/cmake/Modules/CheckFunctionExists.c
Linking C executable cmTC_f5d7d
/usr/local/Cellar/cmake/3.17.3/bin/cmake -E cmake_link_script CMakeFiles/cmTC_f5d7d.dir/link.txt --verbose=1
/usr/bin/cc  -ffunction-sections -fdata-sections -fPIC -m64 -arch x86_64 -idirafter /Users/code413/program/Rust/OpenGL/game/target/rls/debug/build/sdl2-sys-103ecf28c43f4696/out/SDL2-2.0.10/src/video/khronos -DCHECK_FUNCTION_EXISTS=_uitoa -isysroot /Applications/Xcode.app/Contents/Developer/Platforms/MacOSX.platform/Developer/SDKs/MacOSX10.15.sdk -Wl,-search_paths_first -Wl,-headerpad_max_install_names   CMakeFiles/cmTC_f5d7d.dir/CheckFunctionExists.c.o  -o cmTC_f5d7d 
Undefined symbols for architecture x86_64:
  "__uitoa", referenced from:
      _main in CheckFunctionExists.c.o
ld: symbol(s) not found for architecture x86_64
clang: error: linker command failed with exit code 1 (use -v to see invocation)
make[1]: *** [cmTC_f5d7d] Error 1
make: *** [cmTC_f5d7d/fast] Error 2



Determining if the function _ultoa exists failed with the following output:
Change Dir: /Users/code413/program/Rust/OpenGL/game/target/rls/debug/build/sdl2-sys-103ecf28c43f4696/out/build/CMakeFiles/CMakeTmp

Run Build Command(s):/usr/bin/make cmTC_ac59c/fast && /Applications/Xcode.app/Contents/Developer/usr/bin/make  -f CMakeFiles/cmTC_ac59c.dir/build.make CMakeFiles/cmTC_ac59c.dir/build
Building C object CMakeFiles/cmTC_ac59c.dir/CheckFunctionExists.c.o
/usr/bin/cc   -ffunction-sections -fdata-sections -fPIC -m64 -arch x86_64 -idirafter /Users/code413/program/Rust/OpenGL/game/target/rls/debug/build/sdl2-sys-103ecf28c43f4696/out/SDL2-2.0.10/src/video/khronos -DCHECK_FUNCTION_EXISTS=_ultoa -isysroot /Applications/Xcode.app/Contents/Developer/Platforms/MacOSX.platform/Developer/SDKs/MacOSX10.15.sdk   -o CMakeFiles/cmTC_ac59c.dir/CheckFunctionExists.c.o   -c /usr/local/Cellar/cmake/3.17.3/share/cmake/Modules/CheckFunctionExists.c
Linking C executable cmTC_ac59c
/usr/local/Cellar/cmake/3.17.3/bin/cmake -E cmake_link_script CMakeFiles/cmTC_ac59c.dir/link.txt --verbose=1
/usr/bin/cc  -ffunction-sections -fdata-sections -fPIC -m64 -arch x86_64 -idirafter /Users/code413/program/Rust/OpenGL/game/target/rls/debug/build/sdl2-sys-103ecf28c43f4696/out/SDL2-2.0.10/src/video/khronos -DCHECK_FUNCTION_EXISTS=_ultoa -isysroot /Applications/Xcode.app/Contents/Developer/Platforms/MacOSX.platform/Developer/SDKs/MacOSX10.15.sdk -Wl,-search_paths_first -Wl,-headerpad_max_install_names   CMakeFiles/cmTC_ac59c.dir/CheckFunctionExists.c.o  -o cmTC_ac59c 
Undefined symbols for architecture x86_64:
  "__ultoa", referenced from:
      _main in CheckFunctionExists.c.o
ld: symbol(s) not found for architecture x86_64
clang: error: linker command failed with exit code 1 (use -v to see invocation)
make[1]: *** [cmTC_ac59c] Error 1
make: *** [cmTC_ac59c/fast] Error 2



Determining if the function _i64toa exists failed with the following output:
Change Dir: /Users/code413/program/Rust/OpenGL/game/target/rls/debug/build/sdl2-sys-103ecf28c43f4696/out/build/CMakeFiles/CMakeTmp

Run Build Command(s):/usr/bin/make cmTC_dbb3d/fast && /Applications/Xcode.app/Contents/Developer/usr/bin/make  -f CMakeFiles/cmTC_dbb3d.dir/build.make CMakeFiles/cmTC_dbb3d.dir/build
Building C object CMakeFiles/cmTC_dbb3d.dir/CheckFunctionExists.c.o
/usr/bin/cc   -ffunction-sections -fdata-sections -fPIC -m64 -arch x86_64 -idirafter /Users/code413/program/Rust/OpenGL/game/target/rls/debug/build/sdl2-sys-103ecf28c43f4696/out/SDL2-2.0.10/src/video/khronos -DCHECK_FUNCTION_EXISTS=_i64toa -isysroot /Applications/Xcode.app/Contents/Developer/Platforms/MacOSX.platform/Developer/SDKs/MacOSX10.15.sdk   -o CMakeFiles/cmTC_dbb3d.dir/CheckFunctionExists.c.o   -c /usr/local/Cellar/cmake/3.17.3/share/cmake/Modules/CheckFunctionExists.c
Linking C executable cmTC_dbb3d
/usr/local/Cellar/cmake/3.17.3/bin/cmake -E cmake_link_script CMakeFiles/cmTC_dbb3d.dir/link.txt --verbose=1
/usr/bin/cc  -ffunction-sections -fdata-sections -fPIC -m64 -arch x86_64 -idirafter /Users/code413/program/Rust/OpenGL/game/target/rls/debug/build/sdl2-sys-103ecf28c43f4696/out/SDL2-2.0.10/src/video/khronos -DCHECK_FUNCTION_EXISTS=_i64toa -isysroot /Applications/Xcode.app/Contents/Developer/Platforms/MacOSX.platform/Developer/SDKs/MacOSX10.15.sdk -Wl,-search_paths_first -Wl,-headerpad_max_install_names   CMakeFiles/cmTC_dbb3d.dir/CheckFunctionExists.c.o  -o cmTC_dbb3d 
Undefined symbols for architecture x86_64:
  "__i64toa", referenced from:
      _main in CheckFunctionExists.c.o
ld: symbol(s) not found for architecture x86_64
clang: error: linker command failed with exit code 1 (use -v to see invocation)
make[1]: *** [cmTC_dbb3d] Error 1
make: *** [cmTC_dbb3d/fast] Error 2



Determining if the function _ui64toa exists failed with the following output:
Change Dir: /Users/code413/program/Rust/OpenGL/game/target/rls/debug/build/sdl2-sys-103ecf28c43f4696/out/build/CMakeFiles/CMakeTmp

Run Build Command(s):/usr/bin/make cmTC_2bbe3/fast && /Applications/Xcode.app/Contents/Developer/usr/bin/make  -f CMakeFiles/cmTC_2bbe3.dir/build.make CMakeFiles/cmTC_2bbe3.dir/build
Building C object CMakeFiles/cmTC_2bbe3.dir/CheckFunctionExists.c.o
/usr/bin/cc   -ffunction-sections -fdata-sections -fPIC -m64 -arch x86_64 -idirafter /Users/code413/program/Rust/OpenGL/game/target/rls/debug/build/sdl2-sys-103ecf28c43f4696/out/SDL2-2.0.10/src/video/khronos -DCHECK_FUNCTION_EXISTS=_ui64toa -isysroot /Applications/Xcode.app/Contents/Developer/Platforms/MacOSX.platform/Developer/SDKs/MacOSX10.15.sdk   -o CMakeFiles/cmTC_2bbe3.dir/CheckFunctionExists.c.o   -c /usr/local/Cellar/cmake/3.17.3/share/cmake/Modules/CheckFunctionExists.c
Linking C executable cmTC_2bbe3
/usr/local/Cellar/cmake/3.17.3/bin/cmake -E cmake_link_script CMakeFiles/cmTC_2bbe3.dir/link.txt --verbose=1
/usr/bin/cc  -ffunction-sections -fdata-sections -fPIC -m64 -arch x86_64 -idirafter /Users/code413/program/Rust/OpenGL/game/target/rls/debug/build/sdl2-sys-103ecf28c43f4696/out/SDL2-2.0.10/src/video/khronos -DCHECK_FUNCTION_EXISTS=_ui64toa -isysroot /Applications/Xcode.app/Contents/Developer/Platforms/MacOSX.platform/Developer/SDKs/MacOSX10.15.sdk -Wl,-search_paths_first -Wl,-headerpad_max_install_names   CMakeFiles/cmTC_2bbe3.dir/CheckFunctionExists.c.o  -o cmTC_2bbe3 
Undefined symbols for architecture x86_64:
  "__ui64toa", referenced from:
      _main in CheckFunctionExists.c.o
ld: symbol(s) not found for architecture x86_64
clang: error: linker command failed with exit code 1 (use -v to see invocation)
make[1]: *** [cmTC_2bbe3] Error 1
make: *** [cmTC_2bbe3/fast] Error 2



Determining if the function _stricmp exists failed with the following output:
Change Dir: /Users/code413/program/Rust/OpenGL/game/target/rls/debug/build/sdl2-sys-103ecf28c43f4696/out/build/CMakeFiles/CMakeTmp

Run Build Command(s):/usr/bin/make cmTC_50d93/fast && /Applications/Xcode.app/Contents/Developer/usr/bin/make  -f CMakeFiles/cmTC_50d93.dir/build.make CMakeFiles/cmTC_50d93.dir/build
Building C object CMakeFiles/cmTC_50d93.dir/CheckFunctionExists.c.o
/usr/bin/cc   -ffunction-sections -fdata-sections -fPIC -m64 -arch x86_64 -idirafter /Users/code413/program/Rust/OpenGL/game/target/rls/debug/build/sdl2-sys-103ecf28c43f4696/out/SDL2-2.0.10/src/video/khronos -DCHECK_FUNCTION_EXISTS=_stricmp -isysroot /Applications/Xcode.app/Contents/Developer/Platforms/MacOSX.platform/Developer/SDKs/MacOSX10.15.sdk   -o CMakeFiles/cmTC_50d93.dir/CheckFunctionExists.c.o   -c /usr/local/Cellar/cmake/3.17.3/share/cmake/Modules/CheckFunctionExists.c
Linking C executable cmTC_50d93
/usr/local/Cellar/cmake/3.17.3/bin/cmake -E cmake_link_script CMakeFiles/cmTC_50d93.dir/link.txt --verbose=1
/usr/bin/cc  -ffunction-sections -fdata-sections -fPIC -m64 -arch x86_64 -idirafter /Users/code413/program/Rust/OpenGL/game/target/rls/debug/build/sdl2-sys-103ecf28c43f4696/out/SDL2-2.0.10/src/video/khronos -DCHECK_FUNCTION_EXISTS=_stricmp -isysroot /Applications/Xcode.app/Contents/Developer/Platforms/MacOSX.platform/Developer/SDKs/MacOSX10.15.sdk -Wl,-search_paths_first -Wl,-headerpad_max_install_names   CMakeFiles/cmTC_50d93.dir/CheckFunctionExists.c.o  -o cmTC_50d93 
Undefined symbols for architecture x86_64:
  "__stricmp", referenced from:
      _main in CheckFunctionExists.c.o
ld: symbol(s) not found for architecture x86_64
clang: error: linker command failed with exit code 1 (use -v to see invocation)
make[1]: *** [cmTC_50d93] Error 1
make: *** [cmTC_50d93/fast] Error 2



Determining if the function _strnicmp exists failed with the following output:
Change Dir: /Users/code413/program/Rust/OpenGL/game/target/rls/debug/build/sdl2-sys-103ecf28c43f4696/out/build/CMakeFiles/CMakeTmp

Run Build Command(s):/usr/bin/make cmTC_5d493/fast && /Applications/Xcode.app/Contents/Developer/usr/bin/make  -f CMakeFiles/cmTC_5d493.dir/build.make CMakeFiles/cmTC_5d493.dir/build
Building C object CMakeFiles/cmTC_5d493.dir/CheckFunctionExists.c.o
/usr/bin/cc   -ffunction-sections -fdata-sections -fPIC -m64 -arch x86_64 -idirafter /Users/code413/program/Rust/OpenGL/game/target/rls/debug/build/sdl2-sys-103ecf28c43f4696/out/SDL2-2.0.10/src/video/khronos -DCHECK_FUNCTION_EXISTS=_strnicmp -isysroot /Applications/Xcode.app/Contents/Developer/Platforms/MacOSX.platform/Developer/SDKs/MacOSX10.15.sdk   -o CMakeFiles/cmTC_5d493.dir/CheckFunctionExists.c.o   -c /usr/local/Cellar/cmake/3.17.3/share/cmake/Modules/CheckFunctionExists.c
Linking C executable cmTC_5d493
/usr/local/Cellar/cmake/3.17.3/bin/cmake -E cmake_link_script CMakeFiles/cmTC_5d493.dir/link.txt --verbose=1
/usr/bin/cc  -ffunction-sections -fdata-sections -fPIC -m64 -arch x86_64 -idirafter /Users/code413/program/Rust/OpenGL/game/target/rls/debug/build/sdl2-sys-103ecf28c43f4696/out/SDL2-2.0.10/src/video/khronos -DCHECK_FUNCTION_EXISTS=_strnicmp -isysroot /Applications/Xcode.app/Contents/Developer/Platforms/MacOSX.platform/Developer/SDKs/MacOSX10.15.sdk -Wl,-search_paths_first -Wl,-headerpad_max_install_names   CMakeFiles/cmTC_5d493.dir/CheckFunctionExists.c.o  -o cmTC_5d493 
Undefined symbols for architecture x86_64:
  "__strnicmp", referenced from:
      _main in CheckFunctionExists.c.o
ld: symbol(s) not found for architecture x86_64
clang: error: linker command failed with exit code 1 (use -v to see invocation)
make[1]: *** [cmTC_5d493] Error 1
make: *** [cmTC_5d493/fast] Error 2



Determining if the function fopen64 exists failed with the following output:
Change Dir: /Users/code413/program/Rust/OpenGL/game/target/rls/debug/build/sdl2-sys-103ecf28c43f4696/out/build/CMakeFiles/CMakeTmp

Run Build Command(s):/usr/bin/make cmTC_d7011/fast && /Applications/Xcode.app/Contents/Developer/usr/bin/make  -f CMakeFiles/cmTC_d7011.dir/build.make CMakeFiles/cmTC_d7011.dir/build
Building C object CMakeFiles/cmTC_d7011.dir/CheckFunctionExists.c.o
/usr/bin/cc   -ffunction-sections -fdata-sections -fPIC -m64 -arch x86_64 -idirafter /Users/code413/program/Rust/OpenGL/game/target/rls/debug/build/sdl2-sys-103ecf28c43f4696/out/SDL2-2.0.10/src/video/khronos -DCHECK_FUNCTION_EXISTS=fopen64 -isysroot /Applications/Xcode.app/Contents/Developer/Platforms/MacOSX.platform/Developer/SDKs/MacOSX10.15.sdk   -o CMakeFiles/cmTC_d7011.dir/CheckFunctionExists.c.o   -c /usr/local/Cellar/cmake/3.17.3/share/cmake/Modules/CheckFunctionExists.c
Linking C executable cmTC_d7011
/usr/local/Cellar/cmake/3.17.3/bin/cmake -E cmake_link_script CMakeFiles/cmTC_d7011.dir/link.txt --verbose=1
/usr/bin/cc  -ffunction-sections -fdata-sections -fPIC -m64 -arch x86_64 -idirafter /Users/code413/program/Rust/OpenGL/game/target/rls/debug/build/sdl2-sys-103ecf28c43f4696/out/SDL2-2.0.10/src/video/khronos -DCHECK_FUNCTION_EXISTS=fopen64 -isysroot /Applications/Xcode.app/Contents/Developer/Platforms/MacOSX.platform/Developer/SDKs/MacOSX10.15.sdk -Wl,-search_paths_first -Wl,-headerpad_max_install_names   CMakeFiles/cmTC_d7011.dir/CheckFunctionExists.c.o  -o cmTC_d7011 
Undefined symbols for architecture x86_64:
  "_fopen64", referenced from:
      _main in CheckFunctionExists.c.o
ld: symbol(s) not found for architecture x86_64
clang: error: linker command failed with exit code 1 (use -v to see invocation)
make[1]: *** [cmTC_d7011] Error 1
make: *** [cmTC_d7011/fast] Error 2



Determining if the function fseeko64 exists failed with the following output:
Change Dir: /Users/code413/program/Rust/OpenGL/game/target/rls/debug/build/sdl2-sys-103ecf28c43f4696/out/build/CMakeFiles/CMakeTmp

Run Build Command(s):/usr/bin/make cmTC_55fe2/fast && /Applications/Xcode.app/Contents/Developer/usr/bin/make  -f CMakeFiles/cmTC_55fe2.dir/build.make CMakeFiles/cmTC_55fe2.dir/build
Building C object CMakeFiles/cmTC_55fe2.dir/CheckFunctionExists.c.o
/usr/bin/cc   -ffunction-sections -fdata-sections -fPIC -m64 -arch x86_64 -idirafter /Users/code413/program/Rust/OpenGL/game/target/rls/debug/build/sdl2-sys-103ecf28c43f4696/out/SDL2-2.0.10/src/video/khronos -DCHECK_FUNCTION_EXISTS=fseeko64 -isysroot /Applications/Xcode.app/Contents/Developer/Platforms/MacOSX.platform/Developer/SDKs/MacOSX10.15.sdk   -o CMakeFiles/cmTC_55fe2.dir/CheckFunctionExists.c.o   -c /usr/local/Cellar/cmake/3.17.3/share/cmake/Modules/CheckFunctionExists.c
Linking C executable cmTC_55fe2
/usr/local/Cellar/cmake/3.17.3/bin/cmake -E cmake_link_script CMakeFiles/cmTC_55fe2.dir/link.txt --verbose=1
/usr/bin/cc  -ffunction-sections -fdata-sections -fPIC -m64 -arch x86_64 -idirafter /Users/code413/program/Rust/OpenGL/game/target/rls/debug/build/sdl2-sys-103ecf28c43f4696/out/SDL2-2.0.10/src/video/khronos -DCHECK_FUNCTION_EXISTS=fseeko64 -isysroot /Applications/Xcode.app/Contents/Developer/Platforms/MacOSX.platform/Developer/SDKs/MacOSX10.15.sdk -Wl,-search_paths_first -Wl,-headerpad_max_install_names   CMakeFiles/cmTC_55fe2.dir/CheckFunctionExists.c.o  -o cmTC_55fe2 
Undefined symbols for architecture x86_64:
  "_fseeko64", referenced from:
      _main in CheckFunctionExists.c.o
ld: symbol(s) not found for architecture x86_64
clang: error: linker command failed with exit code 1 (use -v to see invocation)
make[1]: *** [cmTC_55fe2] Error 1
make: *** [cmTC_55fe2/fast] Error 2



Determining if the function getauxval exists failed with the following output:
Change Dir: /Users/code413/program/Rust/OpenGL/game/target/rls/debug/build/sdl2-sys-103ecf28c43f4696/out/build/CMakeFiles/CMakeTmp

Run Build Command(s):/usr/bin/make cmTC_8eec5/fast && /Applications/Xcode.app/Contents/Developer/usr/bin/make  -f CMakeFiles/cmTC_8eec5.dir/build.make CMakeFiles/cmTC_8eec5.dir/build
Building C object CMakeFiles/cmTC_8eec5.dir/CheckFunctionExists.c.o
/usr/bin/cc   -ffunction-sections -fdata-sections -fPIC -m64 -arch x86_64 -idirafter /Users/code413/program/Rust/OpenGL/game/target/rls/debug/build/sdl2-sys-103ecf28c43f4696/out/SDL2-2.0.10/src/video/khronos -DCHECK_FUNCTION_EXISTS=getauxval -isysroot /Applications/Xcode.app/Contents/Developer/Platforms/MacOSX.platform/Developer/SDKs/MacOSX10.15.sdk   -o CMakeFiles/cmTC_8eec5.dir/CheckFunctionExists.c.o   -c /usr/local/Cellar/cmake/3.17.3/share/cmake/Modules/CheckFunctionExists.c
Linking C executable cmTC_8eec5
/usr/local/Cellar/cmake/3.17.3/bin/cmake -E cmake_link_script CMakeFiles/cmTC_8eec5.dir/link.txt --verbose=1
/usr/bin/cc  -ffunction-sections -fdata-sections -fPIC -m64 -arch x86_64 -idirafter /Users/code413/program/Rust/OpenGL/game/target/rls/debug/build/sdl2-sys-103ecf28c43f4696/out/SDL2-2.0.10/src/video/khronos -DCHECK_FUNCTION_EXISTS=getauxval -isysroot /Applications/Xcode.app/Contents/Developer/Platforms/MacOSX.platform/Developer/SDKs/MacOSX10.15.sdk -Wl,-search_paths_first -Wl,-headerpad_max_install_names   CMakeFiles/cmTC_8eec5.dir/CheckFunctionExists.c.o  -o cmTC_8eec5 
Undefined symbols for architecture x86_64:
  "_getauxval", referenced from:
      _main in CheckFunctionExists.c.o
ld: symbol(s) not found for architecture x86_64
clang: error: linker command failed with exit code 1 (use -v to see invocation)
make[1]: *** [cmTC_8eec5] Error 1
make: *** [cmTC_8eec5/fast] Error 2



Performing C SOURCE FILE Test HAVE_SEM_TIMEDWAIT failed with the following output:
Change Dir: /Users/code413/program/Rust/OpenGL/game/target/rls/debug/build/sdl2-sys-103ecf28c43f4696/out/build/CMakeFiles/CMakeTmp

Run Build Command(s):/usr/bin/make cmTC_44399/fast && /Applications/Xcode.app/Contents/Developer/usr/bin/make  -f CMakeFiles/cmTC_44399.dir/build.make CMakeFiles/cmTC_44399.dir/build
Building C object CMakeFiles/cmTC_44399.dir/src.c.o
/usr/bin/cc   -ffunction-sections -fdata-sections -fPIC -m64 -arch x86_64 -idirafter /Users/code413/program/Rust/OpenGL/game/target/rls/debug/build/sdl2-sys-103ecf28c43f4696/out/SDL2-2.0.10/src/video/khronos  -I/Users/code413/program/Rust/OpenGL/game/target/rls/debug/build/sdl2-sys-103ecf28c43f4696/out/SDL2-2.0.10/src/hidapi/hidapi -DHAVE_SEM_TIMEDWAIT  -D_THREAD_SAFE -isysroot /Applications/Xcode.app/Contents/Developer/Platforms/MacOSX.platform/Developer/SDKs/MacOSX10.15.sdk   -o CMakeFiles/cmTC_44399.dir/src.c.o   -c /Users/code413/program/Rust/OpenGL/game/target/rls/debug/build/sdl2-sys-103ecf28c43f4696/out/build/CMakeFiles/CMakeTmp/src.c
/Users/code413/program/Rust/OpenGL/game/target/rls/debug/build/sdl2-sys-103ecf28c43f4696/out/build/CMakeFiles/CMakeTmp/src.c:5:19: warning: implicit declaration of function 'sem_timedwait' is invalid in C99 [-Wimplicit-function-declaration]
                  sem_timedwait(NULL, NULL);
                  ^
1 warning generated.
Linking C executable cmTC_44399
/usr/local/Cellar/cmake/3.17.3/bin/cmake -E cmake_link_script CMakeFiles/cmTC_44399.dir/link.txt --verbose=1
/usr/bin/cc  -ffunction-sections -fdata-sections -fPIC -m64 -arch x86_64 -idirafter /Users/code413/program/Rust/OpenGL/game/target/rls/debug/build/sdl2-sys-103ecf28c43f4696/out/SDL2-2.0.10/src/video/khronos  -I/Users/code413/program/Rust/OpenGL/game/target/rls/debug/build/sdl2-sys-103ecf28c43f4696/out/SDL2-2.0.10/src/hidapi/hidapi -DHAVE_SEM_TIMEDWAIT  -D_THREAD_SAFE -isysroot /Applications/Xcode.app/Contents/Developer/Platforms/MacOSX.platform/Developer/SDKs/MacOSX10.15.sdk -Wl,-search_paths_first -Wl,-headerpad_max_install_names   CMakeFiles/cmTC_44399.dir/src.c.o  -o cmTC_44399 
Undefined symbols for architecture x86_64:
  "_sem_timedwait", referenced from:
      _main in src.c.o
ld: symbol(s) not found for architecture x86_64
clang: error: linker command failed with exit code 1 (use -v to see invocation)
make[1]: *** [cmTC_44399] Error 1
make: *** [cmTC_44399/fast] Error 2


Source file was:

              #include <pthread.h>
              #include <semaphore.h>
              int main(int argc, char **argv) {
                  sem_timedwait(NULL, NULL);
                  return 0;
              }
Performing C SOURCE FILE Test HAVE_PTHREAD_NP_H failed with the following output:
Change Dir: /Users/code413/program/Rust/OpenGL/game/target/rls/debug/build/sdl2-sys-103ecf28c43f4696/out/build/CMakeFiles/CMakeTmp

Run Build Command(s):/usr/bin/make cmTC_88a09/fast && /Applications/Xcode.app/Contents/Developer/usr/bin/make  -f CMakeFiles/cmTC_88a09.dir/build.make CMakeFiles/cmTC_88a09.dir/build
Building C object CMakeFiles/cmTC_88a09.dir/src.c.o
/usr/bin/cc   -ffunction-sections -fdata-sections -fPIC -m64 -arch x86_64 -idirafter /Users/code413/program/Rust/OpenGL/game/target/rls/debug/build/sdl2-sys-103ecf28c43f4696/out/SDL2-2.0.10/src/video/khronos  -I/Users/code413/program/Rust/OpenGL/game/target/rls/debug/build/sdl2-sys-103ecf28c43f4696/out/SDL2-2.0.10/src/hidapi/hidapi -DHAVE_PTHREAD_NP_H  -D_THREAD_SAFE -isysroot /Applications/Xcode.app/Contents/Developer/Platforms/MacOSX.platform/Developer/SDKs/MacOSX10.15.sdk   -o CMakeFiles/cmTC_88a09.dir/src.c.o   -c /Users/code413/program/Rust/OpenGL/game/target/rls/debug/build/sdl2-sys-103ecf28c43f4696/out/build/CMakeFiles/CMakeTmp/src.c
/Users/code413/program/Rust/OpenGL/game/target/rls/debug/build/sdl2-sys-103ecf28c43f4696/out/build/CMakeFiles/CMakeTmp/src.c:3:20: fatal error: 'pthread_np.h' file not found
          #include <pthread_np.h>
                   ^~~~~~~~~~~~~~
1 error generated.
make[1]: *** [CMakeFiles/cmTC_88a09.dir/src.c.o] Error 1
make: *** [cmTC_88a09/fast] Error 2


Source file was:

          #include <pthread.h>
          #include <pthread_np.h>
          int main(int argc, char** argv) { return 0; }
Determining if the function pthread_set_name_np exists failed with the following output:
Change Dir: /Users/code413/program/Rust/OpenGL/game/target/rls/debug/build/sdl2-sys-103ecf28c43f4696/out/build/CMakeFiles/CMakeTmp

Run Build Command(s):/usr/bin/make cmTC_0670d/fast && /Applications/Xcode.app/Contents/Developer/usr/bin/make  -f CMakeFiles/cmTC_0670d.dir/build.make CMakeFiles/cmTC_0670d.dir/build
Building C object CMakeFiles/cmTC_0670d.dir/CheckFunctionExists.c.o
/usr/bin/cc   -ffunction-sections -fdata-sections -fPIC -m64 -arch x86_64 -idirafter /Users/code413/program/Rust/OpenGL/game/target/rls/debug/build/sdl2-sys-103ecf28c43f4696/out/SDL2-2.0.10/src/video/khronos  -I/Users/code413/program/Rust/OpenGL/game/target/rls/debug/build/sdl2-sys-103ecf28c43f4696/out/SDL2-2.0.10/src/hidapi/hidapi -DCHECK_FUNCTION_EXISTS=pthread_set_name_np  -D_THREAD_SAFE -isysroot /Applications/Xcode.app/Contents/Developer/Platforms/MacOSX.platform/Developer/SDKs/MacOSX10.15.sdk   -o CMakeFiles/cmTC_0670d.dir/CheckFunctionExists.c.o   -c /usr/local/Cellar/cmake/3.17.3/share/cmake/Modules/CheckFunctionExists.c
Linking C executable cmTC_0670d
/usr/local/Cellar/cmake/3.17.3/bin/cmake -E cmake_link_script CMakeFiles/cmTC_0670d.dir/link.txt --verbose=1
/usr/bin/cc  -ffunction-sections -fdata-sections -fPIC -m64 -arch x86_64 -idirafter /Users/code413/program/Rust/OpenGL/game/target/rls/debug/build/sdl2-sys-103ecf28c43f4696/out/SDL2-2.0.10/src/video/khronos  -I/Users/code413/program/Rust/OpenGL/game/target/rls/debug/build/sdl2-sys-103ecf28c43f4696/out/SDL2-2.0.10/src/hidapi/hidapi -DCHECK_FUNCTION_EXISTS=pthread_set_name_np  -D_THREAD_SAFE -isysroot /Applications/Xcode.app/Contents/Developer/Platforms/MacOSX.platform/Developer/SDKs/MacOSX10.15.sdk -Wl,-search_paths_first -Wl,-headerpad_max_install_names   CMakeFiles/cmTC_0670d.dir/CheckFunctionExists.c.o  -o cmTC_0670d 
Undefined symbols for architecture x86_64:
  "_pthread_set_name_np", referenced from:
      _main in CheckFunctionExists.c.o
ld: symbol(s) not found for architecture x86_64
clang: error: linker command failed with exit code 1 (use -v to see invocation)
make[1]: *** [cmTC_0670d] Error 1
make: *** [cmTC_0670d/fast] Error 2



