Performing C SOURCE FILE Test HAVE_GCC_PREFERRED_STACK_BOUNDARY failed with the following output:
Change Dir: /Users/code413/program/Rust/OpenGL/game/target/debug/build/sdl2-sys-103ecf28c43f4696/out/build/CMakeFiles/CMakeTmp

Run Build Command(s):/usr/bin/make cmTC_202af/fast && /Applications/Xcode.app/Contents/Developer/usr/bin/make  -f CMakeFiles/cmTC_202af.dir/build.make CMakeFiles/cmTC_202af.dir/build
Building C object CMakeFiles/cmTC_202af.dir/src.c.o
/usr/bin/cc   -ffunction-sections -fdata-sections -fPIC -m64 -arch x86_64 -idirafter /Users/code413/program/Rust/OpenGL/game/target/debug/build/sdl2-sys-103ecf28c43f4696/out/SDL2-2.0.10/src/video/khronos -DHAVE_GCC_PREFERRED_STACK_BOUNDARY -mpreferred-stack-boundary=2 -isysroot /Applications/Xcode.app/Contents/Developer/Platforms/MacOSX.platform/Developer/SDKs/MacOSX10.15.sdk   -o CMakeFiles/cmTC_202af.dir/src.c.o   -c /Users/code413/program/Rust/OpenGL/game/target/debug/build/sdl2-sys-103ecf28c43f4696/out/build/CMakeFiles/CMakeTmp/src.c
clang: error: unknown argument: '-mpreferred-stack-boundary=2'
make[1]: *** [CMakeFiles/cmTC_202af.dir/src.c.o] Error 1
make: *** [cmTC_202af/fast] Error 2


Source file was:
int x = 0; int main(int argc, char **argv) {}
Performing C SOURCE FILE Test HAVE_ALTIVEC_H_HDR failed with the following output:
Change Dir: /Users/code413/program/Rust/OpenGL/game/target/debug/build/sdl2-sys-103ecf28c43f4696/out/build/CMakeFiles/CMakeTmp

Run Build Command(s):/usr/bin/make cmTC_60ef6/fast && /Applications/Xcode.app/Contents/Developer/usr/bin/make  -f CMakeFiles/cmTC_60ef6.dir/build.make CMakeFiles/cmTC_60ef6.dir/build
Building C object CMakeFiles/cmTC_60ef6.dir/src.c.o
/usr/bin/cc   -ffunction-sections -fdata-sections -fPIC -m64 -arch x86_64 -idirafter /Users/code413/program/Rust/OpenGL/game/target/debug/build/sdl2-sys-103ecf28c43f4696/out/SDL2-2.0.10/src/video/khronos -DHAVE_ALTIVEC_H_HDR -maltivec -isysroot /Applications/Xcode.app/Contents/Developer/Platforms/MacOSX.platform/Developer/SDKs/MacOSX10.15.sdk   -o CMakeFiles/cmTC_60ef6.dir/src.c.o   -c /Users/code413/program/Rust/OpenGL/game/target/debug/build/sdl2-sys-103ecf28c43f4696/out/build/CMakeFiles/CMakeTmp/src.c
clang: warning: argument unused during compilation: '-maltivec' [-Wunused-command-line-argument]
In file included from /Users/code413/program/Rust/OpenGL/game/target/debug/build/sdl2-sys-103ecf28c43f4696/out/build/CMakeFiles/CMakeTmp/src.c:2:
/Applications/Xcode.app/Contents/Developer/Toolchains/XcodeDefault.xctoolchain/usr/lib/clang/11.0.3/include/altivec.h:13:2: error: "AltiVec support not enabled"
#error "AltiVec support not enabled"
 ^
/Applications/Xcode.app/Contents/Developer/Toolchains/XcodeDefault.xctoolchain/usr/lib/clang/11.0.3/include/altivec.h:48:19: error: unknown type name 'vector'
static __inline__ vector signed char __ATTRS_o_ai vec_perm(
                  ^
/Applications/Xcode.app/Contents/Developer/Toolchains/XcodeDefault.xctoolchain/usr/lib/clang/11.0.3/include/altivec.h:49:5: error: unknown type name 'vector'
    vector signed char __a, vector signed char __b, vector unsigned char __c);
    ^
/Applications/Xcode.app/Contents/Developer/Toolchains/XcodeDefault.xctoolchain/usr/lib/clang/11.0.3/include/altivec.h:49:29: error: unknown type name 'vector'
    vector signed char __a, vector signed char __b, vector unsigned char __c);
                            ^
/Applications/Xcode.app/Contents/Developer/Toolchains/XcodeDefault.xctoolchain/usr/lib/clang/11.0.3/include/altivec.h:49:53: error: unknown type name 'vector'
    vector signed char __a, vector signed char __b, vector unsigned char __c);
                                                    ^
/Applications/Xcode.app/Contents/Developer/Toolchains/XcodeDefault.xctoolchain/usr/lib/clang/11.0.3/include/altivec.h:51:19: error: unknown type name 'vector'
static __inline__ vector unsigned char __ATTRS_o_ai
                  ^
/Applications/Xcode.app/Contents/Developer/Toolchains/XcodeDefault.xctoolchain/usr/lib/clang/11.0.3/include/altivec.h:52:10: error: unknown type name 'vector'
vec_perm(vector unsigned char __a, vector unsigned char __b,
         ^
/Applications/Xcode.app/Contents/Developer/Toolchains/XcodeDefault.xctoolchain/usr/lib/clang/11.0.3/include/altivec.h:52:36: error: unknown type name 'vector'
vec_perm(vector unsigned char __a, vector unsigned char __b,
                                   ^
/Applications/Xcode.app/Contents/Developer/Toolchains/XcodeDefault.xctoolchain/usr/lib/clang/11.0.3/include/altivec.h:53:10: error: unknown type name 'vector'
         vector unsigned char __c);
         ^
/Applications/Xcode.app/Contents/Developer/Toolchains/XcodeDefault.xctoolchain/usr/lib/clang/11.0.3/include/altivec.h:55:19: error: unknown type name 'vector'
static __inline__ vector bool char __ATTRS_o_ai
                  ^
/Applications/Xcode.app/Contents/Developer/Toolchains/XcodeDefault.xctoolchain/usr/lib/clang/11.0.3/include/altivec.h:55:8: error: 'inline' can only appear on functions
static __inline__ vector bool char __ATTRS_o_ai
       ^
/Applications/Xcode.app/Contents/Developer/Toolchains/XcodeDefault.xctoolchain/usr/lib/clang/11.0.3/include/altivec.h:55:30: error: expected ';' after top level declarator
static __inline__ vector bool char __ATTRS_o_ai
                             ^
/Applications/Xcode.app/Contents/Developer/Toolchains/XcodeDefault.xctoolchain/usr/lib/clang/11.0.3/include/altivec.h:56:10: error: unknown type name 'vector'
vec_perm(vector bool char __a, vector bool char __b, vector unsigned char __c);
         ^
/Applications/Xcode.app/Contents/Developer/Toolchains/XcodeDefault.xctoolchain/usr/lib/clang/11.0.3/include/altivec.h:56:22: error: expected ')'
vec_perm(vector bool char __a, vector bool char __b, vector unsigned char __c);
                     ^
/Applications/Xcode.app/Contents/Developer/Toolchains/XcodeDefault.xctoolchain/usr/lib/clang/11.0.3/include/altivec.h:56:9: note: to match this '('
vec_perm(vector bool char __a, vector bool char __b, vector unsigned char __c);
        ^
/Applications/Xcode.app/Contents/Developer/Toolchains/XcodeDefault.xctoolchain/usr/lib/clang/11.0.3/include/altivec.h:58:19: error: unknown type name 'vector'
static __inline__ vector short __ATTRS_o_ai vec_perm(vector signed short __a,
                  ^
/Applications/Xcode.app/Contents/Developer/Toolchains/XcodeDefault.xctoolchain/usr/lib/clang/11.0.3/include/altivec.h:58:54: error: unknown type name 'vector'
static __inline__ vector short __ATTRS_o_ai vec_perm(vector signed short __a,
                                                     ^
/Applications/Xcode.app/Contents/Developer/Toolchains/XcodeDefault.xctoolchain/usr/lib/clang/11.0.3/include/altivec.h:59:54: error: unknown type name 'vector'
                                                     vector signed short __b,
                                                     ^
/Applications/Xcode.app/Contents/Developer/Toolchains/XcodeDefault.xctoolchain/usr/lib/clang/11.0.3/include/altivec.h:60:54: error: unknown type name 'vector'
                                                     vector unsigned char __c);
                                                     ^
/Applications/Xcode.app/Contents/Developer/Toolchains/XcodeDefault.xctoolchain/usr/lib/clang/11.0.3/include/altivec.h:62:19: error: unknown type name 'vector'
static __inline__ vector unsigned short __ATTRS_o_ai
                  ^
fatal error: too many errors emitted, stopping now [-ferror-limit=]
20 errors generated.
make[1]: *** [CMakeFiles/cmTC_60ef6.dir/src.c.o] Error 1
make: *** [cmTC_60ef6/fast] Error 2


Source file was:

          #include <altivec.h>
          vector unsigned int vzero() {
              return vec_splat_u32(0);
          }
          int main(int argc, char **argv) { }
Performing C SOURCE FILE Test HAVE_ALTIVEC failed with the following output:
Change Dir: /Users/code413/program/Rust/OpenGL/game/target/debug/build/sdl2-sys-103ecf28c43f4696/out/build/CMakeFiles/CMakeTmp

Run Build Command(s):/usr/bin/make cmTC_c9ee7/fast && /Applications/Xcode.app/Contents/Developer/usr/bin/make  -f CMakeFiles/cmTC_c9ee7.dir/build.make CMakeFiles/cmTC_c9ee7.dir/build
Building C object CMakeFiles/cmTC_c9ee7.dir/src.c.o
/usr/bin/cc   -ffunction-sections -fdata-sections -fPIC -m64 -arch x86_64 -idirafter /Users/code413/program/Rust/OpenGL/game/target/debug/build/sdl2-sys-103ecf28c43f4696/out/SDL2-2.0.10/src/video/khronos -DHAVE_ALTIVEC -maltivec -isysroot /Applications/Xcode.app/Contents/Developer/Platforms/MacOSX.platform/Developer/SDKs/MacOSX10.15.sdk   -o CMakeFiles/cmTC_c9ee7.dir/src.c.o   -c /Users/code413/program/Rust/OpenGL/game/target/debug/build/sdl2-sys-103ecf28c43f4696/out/build/CMakeFiles/CMakeTmp/src.c
clang: warning: argument unused during compilation: '-maltivec' [-Wunused-command-line-argument]
/Users/code413/program/Rust/OpenGL/game/target/debug/build/sdl2-sys-103ecf28c43f4696/out/build/CMakeFiles/CMakeTmp/src.c:2:11: error: unknown type name 'vector'
          vector unsigned int vzero() {
          ^
/Users/code413/program/Rust/OpenGL/game/target/debug/build/sdl2-sys-103ecf28c43f4696/out/build/CMakeFiles/CMakeTmp/src.c:3:22: warning: implicit declaration of function 'vec_splat_u32' is invalid in C99 [-Wimplicit-function-declaration]
              return vec_splat_u32(0);
                     ^
1 warning and 1 error generated.
make[1]: *** [CMakeFiles/cmTC_c9ee7.dir/src.c.o] Error 1
make: *** [cmTC_c9ee7/fast] Error 2


Source file was:

          vector unsigned int vzero() {
              return vec_splat_u32(0);
          }
          int main(int argc, char **argv) { }
Determining if the include file malloc.h exists failed with the following output:
Change Dir: /Users/code413/program/Rust/OpenGL/game/target/debug/build/sdl2-sys-103ecf28c43f4696/out/build/CMakeFiles/CMakeTmp

Run Build Command(s):/usr/bin/make cmTC_3fbbb/fast && /Applications/Xcode.app/Contents/Developer/usr/bin/make  -f CMakeFiles/cmTC_3fbbb.dir/build.make CMakeFiles/cmTC_3fbbb.dir/build
Building C object CMakeFiles/cmTC_3fbbb.dir/CheckIncludeFile.c.o
/usr/bin/cc   -ffunction-sections -fdata-sections -fPIC -m64 -arch x86_64 -idirafter /Users/code413/program/Rust/OpenGL/game/target/debug/build/sdl2-sys-103ecf28c43f4696/out/SDL2-2.0.10/src/video/khronos  -isysroot /Applications/Xcode.app/Contents/Developer/Platforms/MacOSX.platform/Developer/SDKs/MacOSX10.15.sdk   -o CMakeFiles/cmTC_3fbbb.dir/CheckIncludeFile.c.o   -c /Users/code413/program/Rust/OpenGL/game/target/debug/build/sdl2-sys-103ecf28c43f4696/out/build/CMakeFiles/CMakeTmp/CheckIncludeFile.c
/Users/code413/program/Rust/OpenGL/game/target/debug/build/sdl2-sys-103ecf28c43f4696/out/build/CMakeFiles/CMakeTmp/CheckIncludeFile.c:1:10: fatal error: 'malloc.h' file not found
#include <malloc.h>
         ^~~~~~~~~~
1 error generated.
make[1]: *** [CMakeFiles/cmTC_3fbbb.dir/CheckIncludeFile.c.o] Error 1
make: *** [cmTC_3fbbb/fast] Error 2



Determining if the function _strrev exists failed with the following output:
Change Dir: /Users/code413/program/Rust/OpenGL/game/target/debug/build/sdl2-sys-103ecf28c43f4696/out/build/CMakeFiles/CMakeTmp

Run Build Command(s):/usr/bin/make cmTC_c46d3/fast && /Applications/Xcode.app/Contents/Developer/usr/bin/make  -f CMakeFiles/cmTC_c46d3.dir/build.make CMakeFiles/cmTC_c46d3.dir/build
Building C object CMakeFiles/cmTC_c46d3.dir/CheckFunctionExists.c.o
/usr/bin/cc   -ffunction-sections -fdata-sections -fPIC -m64 -arch x86_64 -idirafter /Users/code413/program/Rust/OpenGL/game/target/debug/build/sdl2-sys-103ecf28c43f4696/out/SDL2-2.0.10/src/video/khronos -DCHECK_FUNCTION_EXISTS=_strrev -isysroot /Applications/Xcode.app/Contents/Developer/Platforms/MacOSX.platform/Developer/SDKs/MacOSX10.15.sdk   -o CMakeFiles/cmTC_c46d3.dir/CheckFunctionExists.c.o   -c /usr/local/Cellar/cmake/3.17.3/share/cmake/Modules/CheckFunctionExists.c
Linking C executable cmTC_c46d3
/usr/local/Cellar/cmake/3.17.3/bin/cmake -E cmake_link_script CMakeFiles/cmTC_c46d3.dir/link.txt --verbose=1
/usr/bin/cc  -ffunction-sections -fdata-sections -fPIC -m64 -arch x86_64 -idirafter /Users/code413/program/Rust/OpenGL/game/target/debug/build/sdl2-sys-103ecf28c43f4696/out/SDL2-2.0.10/src/video/khronos -DCHECK_FUNCTION_EXISTS=_strrev -isysroot /Applications/Xcode.app/Contents/Developer/Platforms/MacOSX.platform/Developer/SDKs/MacOSX10.15.sdk -Wl,-search_paths_first -Wl,-headerpad_max_install_names   CMakeFiles/cmTC_c46d3.dir/CheckFunctionExists.c.o  -o cmTC_c46d3 
Undefined symbols for architecture x86_64:
  "__strrev", referenced from:
      _main in CheckFunctionExists.c.o
ld: symbol(s) not found for architecture x86_64
clang: error: linker command failed with exit code 1 (use -v to see invocation)
make[1]: *** [cmTC_c46d3] Error 1
make: *** [cmTC_c46d3/fast] Error 2



Determining if the function _strupr exists failed with the following output:
Change Dir: /Users/code413/program/Rust/OpenGL/game/target/debug/build/sdl2-sys-103ecf28c43f4696/out/build/CMakeFiles/CMakeTmp

Run Build Command(s):/usr/bin/make cmTC_77636/fast && /Applications/Xcode.app/Contents/Developer/usr/bin/make  -f CMakeFiles/cmTC_77636.dir/build.make CMakeFiles/cmTC_77636.dir/build
Building C object CMakeFiles/cmTC_77636.dir/CheckFunctionExists.c.o
/usr/bin/cc   -ffunction-sections -fdata-sections -fPIC -m64 -arch x86_64 -idirafter /Users/code413/program/Rust/OpenGL/game/target/debug/build/sdl2-sys-103ecf28c43f4696/out/SDL2-2.0.10/src/video/khronos -DCHECK_FUNCTION_EXISTS=_strupr -isysroot /Applications/Xcode.app/Contents/Developer/Platforms/MacOSX.platform/Developer/SDKs/MacOSX10.15.sdk   -o CMakeFiles/cmTC_77636.dir/CheckFunctionExists.c.o   -c /usr/local/Cellar/cmake/3.17.3/share/cmake/Modules/CheckFunctionExists.c
Linking C executable cmTC_77636
/usr/local/Cellar/cmake/3.17.3/bin/cmake -E cmake_link_script CMakeFiles/cmTC_77636.dir/link.txt --verbose=1
/usr/bin/cc  -ffunction-sections -fdata-sections -fPIC -m64 -arch x86_64 -idirafter /Users/code413/program/Rust/OpenGL/game/target/debug/build/sdl2-sys-103ecf28c43f4696/out/SDL2-2.0.10/src/video/khronos -DCHECK_FUNCTION_EXISTS=_strupr -isysroot /Applications/Xcode.app/Contents/Developer/Platforms/MacOSX.platform/Developer/SDKs/MacOSX10.15.sdk -Wl,-search_paths_first -Wl,-headerpad_max_install_names   CMakeFiles/cmTC_77636.dir/CheckFunctionExists.c.o  -o cmTC_77636 
Undefined symbols for architecture x86_64:
  "__strupr", referenced from:
      _main in CheckFunctionExists.c.o
ld: symbol(s) not found for architecture x86_64
clang: error: linker command failed with exit code 1 (use -v to see invocation)
make[1]: *** [cmTC_77636] Error 1
make: *** [cmTC_77636/fast] Error 2



Determining if the function _strlwr exists failed with the following output:
Change Dir: /Users/code413/program/Rust/OpenGL/game/target/debug/build/sdl2-sys-103ecf28c43f4696/out/build/CMakeFiles/CMakeTmp

Run Build Command(s):/usr/bin/make cmTC_7381b/fast && /Applications/Xcode.app/Contents/Developer/usr/bin/make  -f CMakeFiles/cmTC_7381b.dir/build.make CMakeFiles/cmTC_7381b.dir/build
Building C object CMakeFiles/cmTC_7381b.dir/CheckFunctionExists.c.o
/usr/bin/cc   -ffunction-sections -fdata-sections -fPIC -m64 -arch x86_64 -idirafter /Users/code413/program/Rust/OpenGL/game/target/debug/build/sdl2-sys-103ecf28c43f4696/out/SDL2-2.0.10/src/video/khronos -DCHECK_FUNCTION_EXISTS=_strlwr -isysroot /Applications/Xcode.app/Contents/Developer/Platforms/MacOSX.platform/Developer/SDKs/MacOSX10.15.sdk   -o CMakeFiles/cmTC_7381b.dir/CheckFunctionExists.c.o   -c /usr/local/Cellar/cmake/3.17.3/share/cmake/Modules/CheckFunctionExists.c
Linking C executable cmTC_7381b
/usr/local/Cellar/cmake/3.17.3/bin/cmake -E cmake_link_script CMakeFiles/cmTC_7381b.dir/link.txt --verbose=1
/usr/bin/cc  -ffunction-sections -fdata-sections -fPIC -m64 -arch x86_64 -idirafter /Users/code413/program/Rust/OpenGL/game/target/debug/build/sdl2-sys-103ecf28c43f4696/out/SDL2-2.0.10/src/video/khronos -DCHECK_FUNCTION_EXISTS=_strlwr -isysroot /Applications/Xcode.app/Contents/Developer/Platforms/MacOSX.platform/Developer/SDKs/MacOSX10.15.sdk -Wl,-search_paths_first -Wl,-headerpad_max_install_names   CMakeFiles/cmTC_7381b.dir/CheckFunctionExists.c.o  -o cmTC_7381b 
Undefined symbols for architecture x86_64:
  "__strlwr", referenced from:
      _main in CheckFunctionExists.c.o
ld: symbol(s) not found for architecture x86_64
clang: error: linker command failed with exit code 1 (use -v to see invocation)
make[1]: *** [cmTC_7381b] Error 1
make: *** [cmTC_7381b/fast] Error 2



Determining if the function itoa exists failed with the following output:
Change Dir: /Users/code413/program/Rust/OpenGL/game/target/debug/build/sdl2-sys-103ecf28c43f4696/out/build/CMakeFiles/CMakeTmp

Run Build Command(s):/usr/bin/make cmTC_0102c/fast && /Applications/Xcode.app/Contents/Developer/usr/bin/make  -f CMakeFiles/cmTC_0102c.dir/build.make CMakeFiles/cmTC_0102c.dir/build
Building C object CMakeFiles/cmTC_0102c.dir/CheckFunctionExists.c.o
/usr/bin/cc   -ffunction-sections -fdata-sections -fPIC -m64 -arch x86_64 -idirafter /Users/code413/program/Rust/OpenGL/game/target/debug/build/sdl2-sys-103ecf28c43f4696/out/SDL2-2.0.10/src/video/khronos -DCHECK_FUNCTION_EXISTS=itoa -isysroot /Applications/Xcode.app/Contents/Developer/Platforms/MacOSX.platform/Developer/SDKs/MacOSX10.15.sdk   -o CMakeFiles/cmTC_0102c.dir/CheckFunctionExists.c.o   -c /usr/local/Cellar/cmake/3.17.3/share/cmake/Modules/CheckFunctionExists.c
Linking C executable cmTC_0102c
/usr/local/Cellar/cmake/3.17.3/bin/cmake -E cmake_link_script CMakeFiles/cmTC_0102c.dir/link.txt --verbose=1
/usr/bin/cc  -ffunction-sections -fdata-sections -fPIC -m64 -arch x86_64 -idirafter /Users/code413/program/Rust/OpenGL/game/target/debug/build/sdl2-sys-103ecf28c43f4696/out/SDL2-2.0.10/src/video/khronos -DCHECK_FUNCTION_EXISTS=itoa -isysroot /Applications/Xcode.app/Contents/Developer/Platforms/MacOSX.platform/Developer/SDKs/MacOSX10.15.sdk -Wl,-search_paths_first -Wl,-headerpad_max_install_names   CMakeFiles/cmTC_0102c.dir/CheckFunctionExists.c.o  -o cmTC_0102c 
Undefined symbols for architecture x86_64:
  "_itoa", referenced from:
      _main in CheckFunctionExists.c.o
ld: symbol(s) not found for architecture x86_64
clang: error: linker command failed with exit code 1 (use -v to see invocation)
make[1]: *** [cmTC_0102c] Error 1
make: *** [cmTC_0102c/fast] Error 2



Determining if the function _ltoa exists failed with the following output:
Change Dir: /Users/code413/program/Rust/OpenGL/game/target/debug/build/sdl2-sys-103ecf28c43f4696/out/build/CMakeFiles/CMakeTmp

Run Build Command(s):/usr/bin/make cmTC_8e7bb/fast && /Applications/Xcode.app/Contents/Developer/usr/bin/make  -f CMakeFiles/cmTC_8e7bb.dir/build.make CMakeFiles/cmTC_8e7bb.dir/build
Building C object CMakeFiles/cmTC_8e7bb.dir/CheckFunctionExists.c.o
/usr/bin/cc   -ffunction-sections -fdata-sections -fPIC -m64 -arch x86_64 -idirafter /Users/code413/program/Rust/OpenGL/game/target/debug/build/sdl2-sys-103ecf28c43f4696/out/SDL2-2.0.10/src/video/khronos -DCHECK_FUNCTION_EXISTS=_ltoa -isysroot /Applications/Xcode.app/Contents/Developer/Platforms/MacOSX.platform/Developer/SDKs/MacOSX10.15.sdk   -o CMakeFiles/cmTC_8e7bb.dir/CheckFunctionExists.c.o   -c /usr/local/Cellar/cmake/3.17.3/share/cmake/Modules/CheckFunctionExists.c
Linking C executable cmTC_8e7bb
/usr/local/Cellar/cmake/3.17.3/bin/cmake -E cmake_link_script CMakeFiles/cmTC_8e7bb.dir/link.txt --verbose=1
/usr/bin/cc  -ffunction-sections -fdata-sections -fPIC -m64 -arch x86_64 -idirafter /Users/code413/program/Rust/OpenGL/game/target/debug/build/sdl2-sys-103ecf28c43f4696/out/SDL2-2.0.10/src/video/khronos -DCHECK_FUNCTION_EXISTS=_ltoa -isysroot /Applications/Xcode.app/Contents/Developer/Platforms/MacOSX.platform/Developer/SDKs/MacOSX10.15.sdk -Wl,-search_paths_first -Wl,-headerpad_max_install_names   CMakeFiles/cmTC_8e7bb.dir/CheckFunctionExists.c.o  -o cmTC_8e7bb 
Undefined symbols for architecture x86_64:
  "__ltoa", referenced from:
      _main in CheckFunctionExists.c.o
ld: symbol(s) not found for architecture x86_64
clang: error: linker command failed with exit code 1 (use -v to see invocation)
make[1]: *** [cmTC_8e7bb] Error 1
make: *** [cmTC_8e7bb/fast] Error 2



Determining if the function _uitoa exists failed with the following output:
Change Dir: /Users/code413/program/Rust/OpenGL/game/target/debug/build/sdl2-sys-103ecf28c43f4696/out/build/CMakeFiles/CMakeTmp

Run Build Command(s):/usr/bin/make cmTC_da754/fast && /Applications/Xcode.app/Contents/Developer/usr/bin/make  -f CMakeFiles/cmTC_da754.dir/build.make CMakeFiles/cmTC_da754.dir/build
Building C object CMakeFiles/cmTC_da754.dir/CheckFunctionExists.c.o
/usr/bin/cc   -ffunction-sections -fdata-sections -fPIC -m64 -arch x86_64 -idirafter /Users/code413/program/Rust/OpenGL/game/target/debug/build/sdl2-sys-103ecf28c43f4696/out/SDL2-2.0.10/src/video/khronos -DCHECK_FUNCTION_EXISTS=_uitoa -isysroot /Applications/Xcode.app/Contents/Developer/Platforms/MacOSX.platform/Developer/SDKs/MacOSX10.15.sdk   -o CMakeFiles/cmTC_da754.dir/CheckFunctionExists.c.o   -c /usr/local/Cellar/cmake/3.17.3/share/cmake/Modules/CheckFunctionExists.c
Linking C executable cmTC_da754
/usr/local/Cellar/cmake/3.17.3/bin/cmake -E cmake_link_script CMakeFiles/cmTC_da754.dir/link.txt --verbose=1
/usr/bin/cc  -ffunction-sections -fdata-sections -fPIC -m64 -arch x86_64 -idirafter /Users/code413/program/Rust/OpenGL/game/target/debug/build/sdl2-sys-103ecf28c43f4696/out/SDL2-2.0.10/src/video/khronos -DCHECK_FUNCTION_EXISTS=_uitoa -isysroot /Applications/Xcode.app/Contents/Developer/Platforms/MacOSX.platform/Developer/SDKs/MacOSX10.15.sdk -Wl,-search_paths_first -Wl,-headerpad_max_install_names   CMakeFiles/cmTC_da754.dir/CheckFunctionExists.c.o  -o cmTC_da754 
Undefined symbols for architecture x86_64:
  "__uitoa", referenced from:
      _main in CheckFunctionExists.c.o
ld: symbol(s) not found for architecture x86_64
clang: error: linker command failed with exit code 1 (use -v to see invocation)
make[1]: *** [cmTC_da754] Error 1
make: *** [cmTC_da754/fast] Error 2



Determining if the function _ultoa exists failed with the following output:
Change Dir: /Users/code413/program/Rust/OpenGL/game/target/debug/build/sdl2-sys-103ecf28c43f4696/out/build/CMakeFiles/CMakeTmp

Run Build Command(s):/usr/bin/make cmTC_27bff/fast && /Applications/Xcode.app/Contents/Developer/usr/bin/make  -f CMakeFiles/cmTC_27bff.dir/build.make CMakeFiles/cmTC_27bff.dir/build
Building C object CMakeFiles/cmTC_27bff.dir/CheckFunctionExists.c.o
/usr/bin/cc   -ffunction-sections -fdata-sections -fPIC -m64 -arch x86_64 -idirafter /Users/code413/program/Rust/OpenGL/game/target/debug/build/sdl2-sys-103ecf28c43f4696/out/SDL2-2.0.10/src/video/khronos -DCHECK_FUNCTION_EXISTS=_ultoa -isysroot /Applications/Xcode.app/Contents/Developer/Platforms/MacOSX.platform/Developer/SDKs/MacOSX10.15.sdk   -o CMakeFiles/cmTC_27bff.dir/CheckFunctionExists.c.o   -c /usr/local/Cellar/cmake/3.17.3/share/cmake/Modules/CheckFunctionExists.c
Linking C executable cmTC_27bff
/usr/local/Cellar/cmake/3.17.3/bin/cmake -E cmake_link_script CMakeFiles/cmTC_27bff.dir/link.txt --verbose=1
/usr/bin/cc  -ffunction-sections -fdata-sections -fPIC -m64 -arch x86_64 -idirafter /Users/code413/program/Rust/OpenGL/game/target/debug/build/sdl2-sys-103ecf28c43f4696/out/SDL2-2.0.10/src/video/khronos -DCHECK_FUNCTION_EXISTS=_ultoa -isysroot /Applications/Xcode.app/Contents/Developer/Platforms/MacOSX.platform/Developer/SDKs/MacOSX10.15.sdk -Wl,-search_paths_first -Wl,-headerpad_max_install_names   CMakeFiles/cmTC_27bff.dir/CheckFunctionExists.c.o  -o cmTC_27bff 
Undefined symbols for architecture x86_64:
  "__ultoa", referenced from:
      _main in CheckFunctionExists.c.o
ld: symbol(s) not found for architecture x86_64
clang: error: linker command failed with exit code 1 (use -v to see invocation)
make[1]: *** [cmTC_27bff] Error 1
make: *** [cmTC_27bff/fast] Error 2



Determining if the function _i64toa exists failed with the following output:
Change Dir: /Users/code413/program/Rust/OpenGL/game/target/debug/build/sdl2-sys-103ecf28c43f4696/out/build/CMakeFiles/CMakeTmp

Run Build Command(s):/usr/bin/make cmTC_5160b/fast && /Applications/Xcode.app/Contents/Developer/usr/bin/make  -f CMakeFiles/cmTC_5160b.dir/build.make CMakeFiles/cmTC_5160b.dir/build
Building C object CMakeFiles/cmTC_5160b.dir/CheckFunctionExists.c.o
/usr/bin/cc   -ffunction-sections -fdata-sections -fPIC -m64 -arch x86_64 -idirafter /Users/code413/program/Rust/OpenGL/game/target/debug/build/sdl2-sys-103ecf28c43f4696/out/SDL2-2.0.10/src/video/khronos -DCHECK_FUNCTION_EXISTS=_i64toa -isysroot /Applications/Xcode.app/Contents/Developer/Platforms/MacOSX.platform/Developer/SDKs/MacOSX10.15.sdk   -o CMakeFiles/cmTC_5160b.dir/CheckFunctionExists.c.o   -c /usr/local/Cellar/cmake/3.17.3/share/cmake/Modules/CheckFunctionExists.c
Linking C executable cmTC_5160b
/usr/local/Cellar/cmake/3.17.3/bin/cmake -E cmake_link_script CMakeFiles/cmTC_5160b.dir/link.txt --verbose=1
/usr/bin/cc  -ffunction-sections -fdata-sections -fPIC -m64 -arch x86_64 -idirafter /Users/code413/program/Rust/OpenGL/game/target/debug/build/sdl2-sys-103ecf28c43f4696/out/SDL2-2.0.10/src/video/khronos -DCHECK_FUNCTION_EXISTS=_i64toa -isysroot /Applications/Xcode.app/Contents/Developer/Platforms/MacOSX.platform/Developer/SDKs/MacOSX10.15.sdk -Wl,-search_paths_first -Wl,-headerpad_max_install_names   CMakeFiles/cmTC_5160b.dir/CheckFunctionExists.c.o  -o cmTC_5160b 
Undefined symbols for architecture x86_64:
  "__i64toa", referenced from:
      _main in CheckFunctionExists.c.o
ld: symbol(s) not found for architecture x86_64
clang: error: linker command failed with exit code 1 (use -v to see invocation)
make[1]: *** [cmTC_5160b] Error 1
make: *** [cmTC_5160b/fast] Error 2



Determining if the function _ui64toa exists failed with the following output:
Change Dir: /Users/code413/program/Rust/OpenGL/game/target/debug/build/sdl2-sys-103ecf28c43f4696/out/build/CMakeFiles/CMakeTmp

Run Build Command(s):/usr/bin/make cmTC_1f208/fast && /Applications/Xcode.app/Contents/Developer/usr/bin/make  -f CMakeFiles/cmTC_1f208.dir/build.make CMakeFiles/cmTC_1f208.dir/build
Building C object CMakeFiles/cmTC_1f208.dir/CheckFunctionExists.c.o
/usr/bin/cc   -ffunction-sections -fdata-sections -fPIC -m64 -arch x86_64 -idirafter /Users/code413/program/Rust/OpenGL/game/target/debug/build/sdl2-sys-103ecf28c43f4696/out/SDL2-2.0.10/src/video/khronos -DCHECK_FUNCTION_EXISTS=_ui64toa -isysroot /Applications/Xcode.app/Contents/Developer/Platforms/MacOSX.platform/Developer/SDKs/MacOSX10.15.sdk   -o CMakeFiles/cmTC_1f208.dir/CheckFunctionExists.c.o   -c /usr/local/Cellar/cmake/3.17.3/share/cmake/Modules/CheckFunctionExists.c
Linking C executable cmTC_1f208
/usr/local/Cellar/cmake/3.17.3/bin/cmake -E cmake_link_script CMakeFiles/cmTC_1f208.dir/link.txt --verbose=1
/usr/bin/cc  -ffunction-sections -fdata-sections -fPIC -m64 -arch x86_64 -idirafter /Users/code413/program/Rust/OpenGL/game/target/debug/build/sdl2-sys-103ecf28c43f4696/out/SDL2-2.0.10/src/video/khronos -DCHECK_FUNCTION_EXISTS=_ui64toa -isysroot /Applications/Xcode.app/Contents/Developer/Platforms/MacOSX.platform/Developer/SDKs/MacOSX10.15.sdk -Wl,-search_paths_first -Wl,-headerpad_max_install_names   CMakeFiles/cmTC_1f208.dir/CheckFunctionExists.c.o  -o cmTC_1f208 
Undefined symbols for architecture x86_64:
  "__ui64toa", referenced from:
      _main in CheckFunctionExists.c.o
ld: symbol(s) not found for architecture x86_64
clang: error: linker command failed with exit code 1 (use -v to see invocation)
make[1]: *** [cmTC_1f208] Error 1
make: *** [cmTC_1f208/fast] Error 2



Determining if the function _stricmp exists failed with the following output:
Change Dir: /Users/code413/program/Rust/OpenGL/game/target/debug/build/sdl2-sys-103ecf28c43f4696/out/build/CMakeFiles/CMakeTmp

Run Build Command(s):/usr/bin/make cmTC_30b9a/fast && /Applications/Xcode.app/Contents/Developer/usr/bin/make  -f CMakeFiles/cmTC_30b9a.dir/build.make CMakeFiles/cmTC_30b9a.dir/build
Building C object CMakeFiles/cmTC_30b9a.dir/CheckFunctionExists.c.o
/usr/bin/cc   -ffunction-sections -fdata-sections -fPIC -m64 -arch x86_64 -idirafter /Users/code413/program/Rust/OpenGL/game/target/debug/build/sdl2-sys-103ecf28c43f4696/out/SDL2-2.0.10/src/video/khronos -DCHECK_FUNCTION_EXISTS=_stricmp -isysroot /Applications/Xcode.app/Contents/Developer/Platforms/MacOSX.platform/Developer/SDKs/MacOSX10.15.sdk   -o CMakeFiles/cmTC_30b9a.dir/CheckFunctionExists.c.o   -c /usr/local/Cellar/cmake/3.17.3/share/cmake/Modules/CheckFunctionExists.c
Linking C executable cmTC_30b9a
/usr/local/Cellar/cmake/3.17.3/bin/cmake -E cmake_link_script CMakeFiles/cmTC_30b9a.dir/link.txt --verbose=1
/usr/bin/cc  -ffunction-sections -fdata-sections -fPIC -m64 -arch x86_64 -idirafter /Users/code413/program/Rust/OpenGL/game/target/debug/build/sdl2-sys-103ecf28c43f4696/out/SDL2-2.0.10/src/video/khronos -DCHECK_FUNCTION_EXISTS=_stricmp -isysroot /Applications/Xcode.app/Contents/Developer/Platforms/MacOSX.platform/Developer/SDKs/MacOSX10.15.sdk -Wl,-search_paths_first -Wl,-headerpad_max_install_names   CMakeFiles/cmTC_30b9a.dir/CheckFunctionExists.c.o  -o cmTC_30b9a 
Undefined symbols for architecture x86_64:
  "__stricmp", referenced from:
      _main in CheckFunctionExists.c.o
ld: symbol(s) not found for architecture x86_64
clang: error: linker command failed with exit code 1 (use -v to see invocation)
make[1]: *** [cmTC_30b9a] Error 1
make: *** [cmTC_30b9a/fast] Error 2



Determining if the function _strnicmp exists failed with the following output:
Change Dir: /Users/code413/program/Rust/OpenGL/game/target/debug/build/sdl2-sys-103ecf28c43f4696/out/build/CMakeFiles/CMakeTmp

Run Build Command(s):/usr/bin/make cmTC_5f37d/fast && /Applications/Xcode.app/Contents/Developer/usr/bin/make  -f CMakeFiles/cmTC_5f37d.dir/build.make CMakeFiles/cmTC_5f37d.dir/build
Building C object CMakeFiles/cmTC_5f37d.dir/CheckFunctionExists.c.o
/usr/bin/cc   -ffunction-sections -fdata-sections -fPIC -m64 -arch x86_64 -idirafter /Users/code413/program/Rust/OpenGL/game/target/debug/build/sdl2-sys-103ecf28c43f4696/out/SDL2-2.0.10/src/video/khronos -DCHECK_FUNCTION_EXISTS=_strnicmp -isysroot /Applications/Xcode.app/Contents/Developer/Platforms/MacOSX.platform/Developer/SDKs/MacOSX10.15.sdk   -o CMakeFiles/cmTC_5f37d.dir/CheckFunctionExists.c.o   -c /usr/local/Cellar/cmake/3.17.3/share/cmake/Modules/CheckFunctionExists.c
Linking C executable cmTC_5f37d
/usr/local/Cellar/cmake/3.17.3/bin/cmake -E cmake_link_script CMakeFiles/cmTC_5f37d.dir/link.txt --verbose=1
/usr/bin/cc  -ffunction-sections -fdata-sections -fPIC -m64 -arch x86_64 -idirafter /Users/code413/program/Rust/OpenGL/game/target/debug/build/sdl2-sys-103ecf28c43f4696/out/SDL2-2.0.10/src/video/khronos -DCHECK_FUNCTION_EXISTS=_strnicmp -isysroot /Applications/Xcode.app/Contents/Developer/Platforms/MacOSX.platform/Developer/SDKs/MacOSX10.15.sdk -Wl,-search_paths_first -Wl,-headerpad_max_install_names   CMakeFiles/cmTC_5f37d.dir/CheckFunctionExists.c.o  -o cmTC_5f37d 
Undefined symbols for architecture x86_64:
  "__strnicmp", referenced from:
      _main in CheckFunctionExists.c.o
ld: symbol(s) not found for architecture x86_64
clang: error: linker command failed with exit code 1 (use -v to see invocation)
make[1]: *** [cmTC_5f37d] Error 1
make: *** [cmTC_5f37d/fast] Error 2



Determining if the function fopen64 exists failed with the following output:
Change Dir: /Users/code413/program/Rust/OpenGL/game/target/debug/build/sdl2-sys-103ecf28c43f4696/out/build/CMakeFiles/CMakeTmp

Run Build Command(s):/usr/bin/make cmTC_a1881/fast && /Applications/Xcode.app/Contents/Developer/usr/bin/make  -f CMakeFiles/cmTC_a1881.dir/build.make CMakeFiles/cmTC_a1881.dir/build
Building C object CMakeFiles/cmTC_a1881.dir/CheckFunctionExists.c.o
/usr/bin/cc   -ffunction-sections -fdata-sections -fPIC -m64 -arch x86_64 -idirafter /Users/code413/program/Rust/OpenGL/game/target/debug/build/sdl2-sys-103ecf28c43f4696/out/SDL2-2.0.10/src/video/khronos -DCHECK_FUNCTION_EXISTS=fopen64 -isysroot /Applications/Xcode.app/Contents/Developer/Platforms/MacOSX.platform/Developer/SDKs/MacOSX10.15.sdk   -o CMakeFiles/cmTC_a1881.dir/CheckFunctionExists.c.o   -c /usr/local/Cellar/cmake/3.17.3/share/cmake/Modules/CheckFunctionExists.c
Linking C executable cmTC_a1881
/usr/local/Cellar/cmake/3.17.3/bin/cmake -E cmake_link_script CMakeFiles/cmTC_a1881.dir/link.txt --verbose=1
/usr/bin/cc  -ffunction-sections -fdata-sections -fPIC -m64 -arch x86_64 -idirafter /Users/code413/program/Rust/OpenGL/game/target/debug/build/sdl2-sys-103ecf28c43f4696/out/SDL2-2.0.10/src/video/khronos -DCHECK_FUNCTION_EXISTS=fopen64 -isysroot /Applications/Xcode.app/Contents/Developer/Platforms/MacOSX.platform/Developer/SDKs/MacOSX10.15.sdk -Wl,-search_paths_first -Wl,-headerpad_max_install_names   CMakeFiles/cmTC_a1881.dir/CheckFunctionExists.c.o  -o cmTC_a1881 
Undefined symbols for architecture x86_64:
  "_fopen64", referenced from:
      _main in CheckFunctionExists.c.o
ld: symbol(s) not found for architecture x86_64
clang: error: linker command failed with exit code 1 (use -v to see invocation)
make[1]: *** [cmTC_a1881] Error 1
make: *** [cmTC_a1881/fast] Error 2



Determining if the function fseeko64 exists failed with the following output:
Change Dir: /Users/code413/program/Rust/OpenGL/game/target/debug/build/sdl2-sys-103ecf28c43f4696/out/build/CMakeFiles/CMakeTmp

Run Build Command(s):/usr/bin/make cmTC_191fe/fast && /Applications/Xcode.app/Contents/Developer/usr/bin/make  -f CMakeFiles/cmTC_191fe.dir/build.make CMakeFiles/cmTC_191fe.dir/build
Building C object CMakeFiles/cmTC_191fe.dir/CheckFunctionExists.c.o
/usr/bin/cc   -ffunction-sections -fdata-sections -fPIC -m64 -arch x86_64 -idirafter /Users/code413/program/Rust/OpenGL/game/target/debug/build/sdl2-sys-103ecf28c43f4696/out/SDL2-2.0.10/src/video/khronos -DCHECK_FUNCTION_EXISTS=fseeko64 -isysroot /Applications/Xcode.app/Contents/Developer/Platforms/MacOSX.platform/Developer/SDKs/MacOSX10.15.sdk   -o CMakeFiles/cmTC_191fe.dir/CheckFunctionExists.c.o   -c /usr/local/Cellar/cmake/3.17.3/share/cmake/Modules/CheckFunctionExists.c
Linking C executable cmTC_191fe
/usr/local/Cellar/cmake/3.17.3/bin/cmake -E cmake_link_script CMakeFiles/cmTC_191fe.dir/link.txt --verbose=1
/usr/bin/cc  -ffunction-sections -fdata-sections -fPIC -m64 -arch x86_64 -idirafter /Users/code413/program/Rust/OpenGL/game/target/debug/build/sdl2-sys-103ecf28c43f4696/out/SDL2-2.0.10/src/video/khronos -DCHECK_FUNCTION_EXISTS=fseeko64 -isysroot /Applications/Xcode.app/Contents/Developer/Platforms/MacOSX.platform/Developer/SDKs/MacOSX10.15.sdk -Wl,-search_paths_first -Wl,-headerpad_max_install_names   CMakeFiles/cmTC_191fe.dir/CheckFunctionExists.c.o  -o cmTC_191fe 
Undefined symbols for architecture x86_64:
  "_fseeko64", referenced from:
      _main in CheckFunctionExists.c.o
ld: symbol(s) not found for architecture x86_64
clang: error: linker command failed with exit code 1 (use -v to see invocation)
make[1]: *** [cmTC_191fe] Error 1
make: *** [cmTC_191fe/fast] Error 2



Determining if the function getauxval exists failed with the following output:
Change Dir: /Users/code413/program/Rust/OpenGL/game/target/debug/build/sdl2-sys-103ecf28c43f4696/out/build/CMakeFiles/CMakeTmp

Run Build Command(s):/usr/bin/make cmTC_2abc8/fast && /Applications/Xcode.app/Contents/Developer/usr/bin/make  -f CMakeFiles/cmTC_2abc8.dir/build.make CMakeFiles/cmTC_2abc8.dir/build
Building C object CMakeFiles/cmTC_2abc8.dir/CheckFunctionExists.c.o
/usr/bin/cc   -ffunction-sections -fdata-sections -fPIC -m64 -arch x86_64 -idirafter /Users/code413/program/Rust/OpenGL/game/target/debug/build/sdl2-sys-103ecf28c43f4696/out/SDL2-2.0.10/src/video/khronos -DCHECK_FUNCTION_EXISTS=getauxval -isysroot /Applications/Xcode.app/Contents/Developer/Platforms/MacOSX.platform/Developer/SDKs/MacOSX10.15.sdk   -o CMakeFiles/cmTC_2abc8.dir/CheckFunctionExists.c.o   -c /usr/local/Cellar/cmake/3.17.3/share/cmake/Modules/CheckFunctionExists.c
Linking C executable cmTC_2abc8
/usr/local/Cellar/cmake/3.17.3/bin/cmake -E cmake_link_script CMakeFiles/cmTC_2abc8.dir/link.txt --verbose=1
/usr/bin/cc  -ffunction-sections -fdata-sections -fPIC -m64 -arch x86_64 -idirafter /Users/code413/program/Rust/OpenGL/game/target/debug/build/sdl2-sys-103ecf28c43f4696/out/SDL2-2.0.10/src/video/khronos -DCHECK_FUNCTION_EXISTS=getauxval -isysroot /Applications/Xcode.app/Contents/Developer/Platforms/MacOSX.platform/Developer/SDKs/MacOSX10.15.sdk -Wl,-search_paths_first -Wl,-headerpad_max_install_names   CMakeFiles/cmTC_2abc8.dir/CheckFunctionExists.c.o  -o cmTC_2abc8 
Undefined symbols for architecture x86_64:
  "_getauxval", referenced from:
      _main in CheckFunctionExists.c.o
ld: symbol(s) not found for architecture x86_64
clang: error: linker command failed with exit code 1 (use -v to see invocation)
make[1]: *** [cmTC_2abc8] Error 1
make: *** [cmTC_2abc8/fast] Error 2



Performing C SOURCE FILE Test HAVE_SEM_TIMEDWAIT failed with the following output:
Change Dir: /Users/code413/program/Rust/OpenGL/game/target/debug/build/sdl2-sys-103ecf28c43f4696/out/build/CMakeFiles/CMakeTmp

Run Build Command(s):/usr/bin/make cmTC_dee12/fast && /Applications/Xcode.app/Contents/Developer/usr/bin/make  -f CMakeFiles/cmTC_dee12.dir/build.make CMakeFiles/cmTC_dee12.dir/build
Building C object CMakeFiles/cmTC_dee12.dir/src.c.o
/usr/bin/cc   -ffunction-sections -fdata-sections -fPIC -m64 -arch x86_64 -idirafter /Users/code413/program/Rust/OpenGL/game/target/debug/build/sdl2-sys-103ecf28c43f4696/out/SDL2-2.0.10/src/video/khronos  -I/Users/code413/program/Rust/OpenGL/game/target/debug/build/sdl2-sys-103ecf28c43f4696/out/SDL2-2.0.10/src/hidapi/hidapi -DHAVE_SEM_TIMEDWAIT  -D_THREAD_SAFE -isysroot /Applications/Xcode.app/Contents/Developer/Platforms/MacOSX.platform/Developer/SDKs/MacOSX10.15.sdk   -o CMakeFiles/cmTC_dee12.dir/src.c.o   -c /Users/code413/program/Rust/OpenGL/game/target/debug/build/sdl2-sys-103ecf28c43f4696/out/build/CMakeFiles/CMakeTmp/src.c
/Users/code413/program/Rust/OpenGL/game/target/debug/build/sdl2-sys-103ecf28c43f4696/out/build/CMakeFiles/CMakeTmp/src.c:5:19: warning: implicit declaration of function 'sem_timedwait' is invalid in C99 [-Wimplicit-function-declaration]
                  sem_timedwait(NULL, NULL);
                  ^
1 warning generated.
Linking C executable cmTC_dee12
/usr/local/Cellar/cmake/3.17.3/bin/cmake -E cmake_link_script CMakeFiles/cmTC_dee12.dir/link.txt --verbose=1
/usr/bin/cc  -ffunction-sections -fdata-sections -fPIC -m64 -arch x86_64 -idirafter /Users/code413/program/Rust/OpenGL/game/target/debug/build/sdl2-sys-103ecf28c43f4696/out/SDL2-2.0.10/src/video/khronos  -I/Users/code413/program/Rust/OpenGL/game/target/debug/build/sdl2-sys-103ecf28c43f4696/out/SDL2-2.0.10/src/hidapi/hidapi -DHAVE_SEM_TIMEDWAIT  -D_THREAD_SAFE -isysroot /Applications/Xcode.app/Contents/Developer/Platforms/MacOSX.platform/Developer/SDKs/MacOSX10.15.sdk -Wl,-search_paths_first -Wl,-headerpad_max_install_names   CMakeFiles/cmTC_dee12.dir/src.c.o  -o cmTC_dee12 
Undefined symbols for architecture x86_64:
  "_sem_timedwait", referenced from:
      _main in src.c.o
ld: symbol(s) not found for architecture x86_64
clang: error: linker command failed with exit code 1 (use -v to see invocation)
make[1]: *** [cmTC_dee12] Error 1
make: *** [cmTC_dee12/fast] Error 2


Source file was:

              #include <pthread.h>
              #include <semaphore.h>
              int main(int argc, char **argv) {
                  sem_timedwait(NULL, NULL);
                  return 0;
              }
Performing C SOURCE FILE Test HAVE_PTHREAD_NP_H failed with the following output:
Change Dir: /Users/code413/program/Rust/OpenGL/game/target/debug/build/sdl2-sys-103ecf28c43f4696/out/build/CMakeFiles/CMakeTmp

Run Build Command(s):/usr/bin/make cmTC_7c8ce/fast && /Applications/Xcode.app/Contents/Developer/usr/bin/make  -f CMakeFiles/cmTC_7c8ce.dir/build.make CMakeFiles/cmTC_7c8ce.dir/build
Building C object CMakeFiles/cmTC_7c8ce.dir/src.c.o
/usr/bin/cc   -ffunction-sections -fdata-sections -fPIC -m64 -arch x86_64 -idirafter /Users/code413/program/Rust/OpenGL/game/target/debug/build/sdl2-sys-103ecf28c43f4696/out/SDL2-2.0.10/src/video/khronos  -I/Users/code413/program/Rust/OpenGL/game/target/debug/build/sdl2-sys-103ecf28c43f4696/out/SDL2-2.0.10/src/hidapi/hidapi -DHAVE_PTHREAD_NP_H  -D_THREAD_SAFE -isysroot /Applications/Xcode.app/Contents/Developer/Platforms/MacOSX.platform/Developer/SDKs/MacOSX10.15.sdk   -o CMakeFiles/cmTC_7c8ce.dir/src.c.o   -c /Users/code413/program/Rust/OpenGL/game/target/debug/build/sdl2-sys-103ecf28c43f4696/out/build/CMakeFiles/CMakeTmp/src.c
/Users/code413/program/Rust/OpenGL/game/target/debug/build/sdl2-sys-103ecf28c43f4696/out/build/CMakeFiles/CMakeTmp/src.c:3:20: fatal error: 'pthread_np.h' file not found
          #include <pthread_np.h>
                   ^~~~~~~~~~~~~~
1 error generated.
make[1]: *** [CMakeFiles/cmTC_7c8ce.dir/src.c.o] Error 1
make: *** [cmTC_7c8ce/fast] Error 2


Source file was:

          #include <pthread.h>
          #include <pthread_np.h>
          int main(int argc, char** argv) { return 0; }
Determining if the function pthread_set_name_np exists failed with the following output:
Change Dir: /Users/code413/program/Rust/OpenGL/game/target/debug/build/sdl2-sys-103ecf28c43f4696/out/build/CMakeFiles/CMakeTmp

Run Build Command(s):/usr/bin/make cmTC_b1d96/fast && /Applications/Xcode.app/Contents/Developer/usr/bin/make  -f CMakeFiles/cmTC_b1d96.dir/build.make CMakeFiles/cmTC_b1d96.dir/build
Building C object CMakeFiles/cmTC_b1d96.dir/CheckFunctionExists.c.o
/usr/bin/cc   -ffunction-sections -fdata-sections -fPIC -m64 -arch x86_64 -idirafter /Users/code413/program/Rust/OpenGL/game/target/debug/build/sdl2-sys-103ecf28c43f4696/out/SDL2-2.0.10/src/video/khronos  -I/Users/code413/program/Rust/OpenGL/game/target/debug/build/sdl2-sys-103ecf28c43f4696/out/SDL2-2.0.10/src/hidapi/hidapi -DCHECK_FUNCTION_EXISTS=pthread_set_name_np  -D_THREAD_SAFE -isysroot /Applications/Xcode.app/Contents/Developer/Platforms/MacOSX.platform/Developer/SDKs/MacOSX10.15.sdk   -o CMakeFiles/cmTC_b1d96.dir/CheckFunctionExists.c.o   -c /usr/local/Cellar/cmake/3.17.3/share/cmake/Modules/CheckFunctionExists.c
Linking C executable cmTC_b1d96
/usr/local/Cellar/cmake/3.17.3/bin/cmake -E cmake_link_script CMakeFiles/cmTC_b1d96.dir/link.txt --verbose=1
/usr/bin/cc  -ffunction-sections -fdata-sections -fPIC -m64 -arch x86_64 -idirafter /Users/code413/program/Rust/OpenGL/game/target/debug/build/sdl2-sys-103ecf28c43f4696/out/SDL2-2.0.10/src/video/khronos  -I/Users/code413/program/Rust/OpenGL/game/target/debug/build/sdl2-sys-103ecf28c43f4696/out/SDL2-2.0.10/src/hidapi/hidapi -DCHECK_FUNCTION_EXISTS=pthread_set_name_np  -D_THREAD_SAFE -isysroot /Applications/Xcode.app/Contents/Developer/Platforms/MacOSX.platform/Developer/SDKs/MacOSX10.15.sdk -Wl,-search_paths_first -Wl,-headerpad_max_install_names   CMakeFiles/cmTC_b1d96.dir/CheckFunctionExists.c.o  -o cmTC_b1d96 
Undefined symbols for architecture x86_64:
  "_pthread_set_name_np", referenced from:
      _main in CheckFunctionExists.c.o
ld: symbol(s) not found for architecture x86_64
clang: error: linker command failed with exit code 1 (use -v to see invocation)
make[1]: *** [cmTC_b1d96] Error 1
make: *** [cmTC_b1d96/fast] Error 2



